2026-05-31T00:44:06.027-04:00  INFO 35856 --- [backend] [restartedMain] c.s.backend.BackendApplication           : Starting BackendApplication using Java 21.0.7 with PID 35856 (C:\Users\Bernardo\Desktop\proyecto Shop\backend\target\classes started by Bernardo in C:\Users\Bernardo\Desktop\proyecto Shop\backend)
2026-05-31T00:44:06.033-04:00 DEBUG 35856 --- [backend] [restartedMain] c.s.backend.BackendApplication           : Running with Spring Boot v3.5.9, Spring v6.2.15
2026-05-31T00:44:06.034-04:00  INFO 35856 --- [backend] [restartedMain] c.s.backend.BackendApplication           : No active profile set, falling back to 1 default profile: "default"
2026-05-31T00:44:06.092-04:00  INFO 35856 --- [backend] [restartedMain] .e.DevToolsPropertyDefaultsPostProcessor : Devtools property defaults active! Set 'spring.devtools.add-properties' to 'false' to disable
2026-05-31T00:44:06.092-04:00  INFO 35856 --- [backend] [restartedMain] .e.DevToolsPropertyDefaultsPostProcessor : For additional web related logging consider setting the 'logging.level.web' property to 'DEBUG'
2026-05-31T00:44:07.232-04:00  INFO 35856 --- [backend] [restartedMain] .s.d.r.c.RepositoryConfigurationDelegate : Bootstrapping Spring Data JPA repositories in DEFAULT mode.
2026-05-31T00:44:07.484-04:00  INFO 35856 --- [backend] [restartedMain] .s.d.r.c.RepositoryConfigurationDelegate : Finished Spring Data repository scanning in 237 ms. Found 19 JPA repository interfaces.
2026-05-31T00:44:08.486-04:00  INFO 35856 --- [backend] [restartedMain] o.s.b.w.embedded.tomcat.TomcatWebServer  : Tomcat initialized with port 8080 (http)
2026-05-31T00:44:08.507-04:00  INFO 35856 --- [backend] [restartedMain] o.apache.catalina.core.StandardService   : Starting service [Tomcat]
2026-05-31T00:44:08.507-04:00  INFO 35856 --- [backend] [restartedMain] o.apache.catalina.core.StandardEngine    : Starting Servlet engine: [Apache Tomcat/10.1.50]
2026-05-31T00:44:08.605-04:00  INFO 35856 --- [backend] [restartedMain] o.a.c.c.C.[Tomcat].[localhost].[/]       : Initializing Spring embedded WebApplicationContext
2026-05-31T00:44:08.606-04:00  INFO 35856 --- [backend] [restartedMain] w.s.c.ServletWebServerApplicationContext : Root WebApplicationContext: initialization completed in 2513 ms
2026-05-31T00:44:08.844-04:00  INFO 35856 --- [backend] [restartedMain] o.hibernate.jpa.internal.util.LogHelper  : HHH000204: Processing PersistenceUnitInfo [name: default]
2026-05-31T00:44:08.933-04:00  INFO 35856 --- [backend] [restartedMain] org.hibernate.Version                    : HHH000412: Hibernate ORM core version 6.6.39.Final
2026-05-31T00:44:08.977-04:00  INFO 35856 --- [backend] [restartedMain] o.h.c.internal.RegionFactoryInitiator    : HHH000026: Second-level cache disabled
2026-05-31T00:44:09.314-04:00  INFO 35856 --- [backend] [restartedMain] o.s.o.j.p.SpringPersistenceUnitInfo      : No LoadTimeWeaver setup: ignoring JPA class transformer
2026-05-31T00:44:09.357-04:00  INFO 35856 --- [backend] [restartedMain] com.zaxxer.hikari.HikariDataSource       : HikariPool-1 - Starting...
2026-05-31T00:44:10.940-04:00  INFO 35856 --- [backend] [restartedMain] com.zaxxer.hikari.pool.HikariPool        : HikariPool-1 - Added connection ConnectionID:1 ClientConnectionId: 732d3683-44e7-4f40-bffb-cc1415c391e2
2026-05-31T00:44:10.945-04:00  INFO 35856 --- [backend] [restartedMain] com.zaxxer.hikari.HikariDataSource       : HikariPool-1 - Start completed.
2026-05-31T00:44:11.162-04:00  WARN 35856 --- [backend] [restartedMain] org.hibernate.orm.deprecation            : HHH90000025: SQLServerDialect does not need to be specified explicitly using 'hibernate.dialect' (remove the property setting and it will be selected by default)
2026-05-31T00:44:11.544-04:00  INFO 35856 --- [backend] [restartedMain] org.hibernate.orm.connections.pooling    : HHH10001005: Database info:
	Database JDBC URL [Connecting through datasource 'HikariDataSource (HikariPool-1)']
	Database driver: undefined/unknown
	Database version: 17.0
	Autocommit mode: undefined/unknown
	Isolation level: undefined/unknown
	Minimum pool size: undefined/unknown
	Maximum pool size: undefined/unknown
2026-05-31T00:44:12.947-04:00  INFO 35856 --- [backend] [restartedMain] o.h.e.t.j.p.i.JtaPlatformInitiator       : HHH000489: No JTA platform available (set 'hibernate.transaction.jta.platform' to enable JTA platform integration)
2026-05-31T00:44:23.129-04:00  INFO 35856 --- [backend] [restartedMain] j.LocalContainerEntityManagerFactoryBean : Initialized JPA EntityManagerFactory for persistence unit 'default'
2026-05-31T00:44:23.490-04:00  INFO 35856 --- [backend] [restartedMain] o.s.d.j.r.query.QueryEnhancerFactory     : Hibernate is in classpath; If applicable, HQL parser will be used.
2026-05-31T00:44:24.079-04:00 DEBUG 35856 --- [backend] [restartedMain] c.s.b.config.JwtAuthenticationFilter     : Filter 'jwtAuthenticationFilter' configured for use
2026-05-31T00:44:24.080-04:00 DEBUG 35856 --- [backend] [restartedMain] c.s.backend.config.RateLimitingFilter    : Filter 'rateLimitingFilter' configured for use
2026-05-31T00:44:24.882-04:00  INFO 35856 --- [backend] [restartedMain] eAuthenticationProviderManagerConfigurer : Global AuthenticationManager configured with AuthenticationProvider bean with name authenticationProvider
2026-05-31T00:44:24.883-04:00  WARN 35856 --- [backend] [restartedMain] r$InitializeUserDetailsManagerConfigurer : Global AuthenticationManager configured with an AuthenticationProvider bean. UserDetailsService beans will not be used by Spring Security for automatically configuring username/password login. Consider removing the AuthenticationProvider bean. Alternatively, consider using the UserDetailsService in a manually instantiated DaoAuthenticationProvider. If the current configuration is intentional, to turn off this warning, increase the logging level of 'org.springframework.security.config.annotation.authentication.configuration.InitializeUserDetailsBeanManagerConfigurer' to ERROR
2026-05-31T00:44:27.572-04:00  WARN 35856 --- [backend] [restartedMain] JpaBaseConfiguration$JpaWebConfiguration : spring.jpa.open-in-view is enabled by default. Therefore, database queries may be performed during view rendering. Explicitly configure spring.jpa.open-in-view to disable this warning
2026-05-31T00:44:28.490-04:00  INFO 35856 --- [backend] [restartedMain] o.s.b.d.a.OptionalLiveReloadServer       : LiveReload server is running on port 35729
2026-05-31T00:44:28.509-04:00  INFO 35856 --- [backend] [restartedMain] o.s.m.s.b.SimpleBrokerMessageHandler     : Starting...
2026-05-31T00:44:28.513-04:00  INFO 35856 --- [backend] [restartedMain] o.s.m.s.b.SimpleBrokerMessageHandler     : BrokerAvailabilityEvent[available=true, SimpleBrokerMessageHandler [org.springframework.messaging.simp.broker.DefaultSubscriptionRegistry@a4b9313]]
2026-05-31T00:44:28.514-04:00  INFO 35856 --- [backend] [restartedMain] o.s.m.s.b.SimpleBrokerMessageHandler     : Started.
2026-05-31T00:44:28.534-04:00  INFO 35856 --- [backend] [restartedMain] o.s.b.w.embedded.tomcat.TomcatWebServer  : Tomcat started on port 8080 (http) with context path '/'
2026-05-31T00:44:28.546-04:00  INFO 35856 --- [backend] [restartedMain] c.s.backend.BackendApplication           : Started BackendApplication in 23.127 seconds (process running for 23.855)
2026-05-31T00:44:33.218-04:00  INFO 35856 --- [backend] [http-nio-8080-exec-1] o.a.c.c.C.[Tomcat].[localhost].[/]       : Initializing Spring DispatcherServlet 'dispatcherServlet'
2026-05-31T00:44:33.220-04:00  INFO 35856 --- [backend] [http-nio-8080-exec-1] o.s.web.servlet.DispatcherServlet        : Initializing Servlet 'dispatcherServlet'
2026-05-31T00:44:33.222-04:00  INFO 35856 --- [backend] [http-nio-8080-exec-1] o.s.web.servlet.DispatcherServlet        : Completed initialization in 2 ms
2026-05-31T00:44:33.802-04:00  WARN 35856 --- [backend] [http-nio-8080-exec-1] .m.m.a.ExceptionHandlerExceptionResolver : Resolved [org.springframework.security.authentication.BadCredentialsException: Bad credentials]
2026-05-31T00:45:28.513-04:00  INFO 35856 --- [backend] [MessageBroker-4] o.s.w.s.c.WebSocketMessageBrokerStats    : WebSocketSession[0 current WS(0)-HttpStream(0)-HttpPoll(0), 0 total, 0 closed abnormally (0 connect failure, 0 send limit, 0 transport error)], stompSubProtocol[processed CONNECT(0)-CONNECTED(0)-DISCONNECT(0)], stompBrokerRelay[null], inboundChannel[pool size = 0, active threads = 0, queued tasks = 0, completed tasks = 0], outboundChannel[pool size = 0, active threads = 0, queued tasks = 0, completed tasks = 0], sockJsScheduler[pool size = 8, active threads = 1, queued tasks = 6, completed tasks = 6]
2026-05-31T00:46:33.625-04:00  INFO 35856 --- [backend] [File Watcher] rtingClassPathChangeChangedEventListener : Restarting due to 1 class path change (0 additions, 0 deletions, 1 modification)
2026-05-31T00:46:33.638-04:00  INFO 35856 --- [backend] [Thread-14] o.s.b.w.e.tomcat.GracefulShutdown        : Commencing graceful shutdown. Waiting for active requests to complete
2026-05-31T00:46:33.651-04:00  INFO 35856 --- [backend] [tomcat-shutdown] o.s.b.w.e.tomcat.GracefulShutdown        : Graceful shutdown complete
2026-05-31T00:46:33.654-04:00  INFO 35856 --- [backend] [Thread-14] o.s.m.s.b.SimpleBrokerMessageHandler     : Stopping...
2026-05-31T00:46:33.655-04:00  INFO 35856 --- [backend] [Thread-14] o.s.m.s.b.SimpleBrokerMessageHandler     : BrokerAvailabilityEvent[available=false, SimpleBrokerMessageHandler [org.springframework.messaging.simp.broker.DefaultSubscriptionRegistry@a4b9313]]
2026-05-31T00:46:33.656-04:00  INFO 35856 --- [backend] [Thread-14] o.s.m.s.b.SimpleBrokerMessageHandler     : Stopped.
2026-05-31T00:46:33.699-04:00  INFO 35856 --- [backend] [Thread-14] j.LocalContainerEntityManagerFactoryBean : Closing JPA EntityManagerFactory for persistence unit 'default'
2026-05-31T00:46:33.705-04:00  INFO 35856 --- [backend] [Thread-14] com.zaxxer.hikari.HikariDataSource       : HikariPool-1 - Shutdown initiated...
2026-05-31T00:46:33.708-04:00  INFO 35856 --- [backend] [Thread-14] com.zaxxer.hikari.HikariDataSource       : HikariPool-1 - Shutdown completed.
2026-05-31T00:46:33.889-04:00  INFO 35856 --- [backend] [restartedMain] c.s.backend.BackendApplication           : Starting BackendApplication using Java 21.0.7 with PID 35856 (C:\Users\Bernardo\Desktop\proyecto Shop\backend\target\classes started by Bernardo in C:\Users\Bernardo\Desktop\proyecto Shop\backend)
2026-05-31T00:46:33.890-04:00 DEBUG 35856 --- [backend] [restartedMain] c.s.backend.BackendApplication           : Running with Spring Boot v3.5.9, Spring v6.2.15
2026-05-31T00:46:33.890-04:00  INFO 35856 --- [backend] [restartedMain] c.s.backend.BackendApplication           : No active profile set, falling back to 1 default profile: "default"
