2026-06-03T00:00:00.384-04:00  INFO 35856 --- [backend] [MessageBroker-6] c.s.backend.tasks.SubscriptionTask       : Tarea programada: Iniciando revisión automática de periodos de prueba.
2026-06-03T00:00:00.690-04:00  INFO 35856 --- [backend] [MessageBroker-6] c.s.b.services.SubscriptionService       : Iniciando revisión de trials vencidos a las 2026-06-03T00:00:00.690176900
2026-06-03T00:00:00.871-04:00  INFO 35856 --- [backend] [MessageBroker-6] c.s.b.services.SubscriptionService       : Finalizada la revisión de trials. Usuarios procesados: 0
2026-06-03T00:05:45.210-04:00  INFO 35856 --- [backend] [MessageBroker-5] o.s.w.s.c.WebSocketMessageBrokerStats    : WebSocketSession[0 current WS(0)-HttpStream(0)-HttpPoll(0), 0 total, 0 closed abnormally (0 connect failure, 0 send limit, 0 transport error)], stompSubProtocol[processed CONNECT(0)-CONNECTED(0)-DISCONNECT(0)], stompBrokerRelay[null], inboundChannel[pool size = 0, active threads = 0, queued tasks = 0, completed tasks = 0], outboundChannel[pool size = 0, active threads = 0, queued tasks = 0, completed tasks = 0], sockJsScheduler[pool size = 8, active threads = 1, queued tasks = 6, completed tasks = 15308]
2026-06-03T00:35:45.218-04:00  INFO 35856 --- [backend] [MessageBroker-5] o.s.w.s.c.WebSocketMessageBrokerStats    : WebSocketSession[0 current WS(0)-HttpStream(0)-HttpPoll(0), 0 total, 0 closed abnormally (0 connect failure, 0 send limit, 0 transport error)], stompSubProtocol[processed CONNECT(0)-CONNECTED(0)-DISCONNECT(0)], stompBrokerRelay[null], inboundChannel[pool size = 0, active threads = 0, queued tasks = 0, completed tasks = 0], outboundChannel[pool size = 0, active threads = 0, queued tasks = 0, completed tasks = 0], sockJsScheduler[pool size = 8, active threads = 1, queued tasks = 6, completed tasks = 15489]
2026-06-03T01:05:45.229-04:00  INFO 35856 --- [backend] [MessageBroker-5] o.s.w.s.c.WebSocketMessageBrokerStats    : WebSocketSession[0 current WS(0)-HttpStream(0)-HttpPoll(0), 0 total, 0 closed abnormally (0 connect failure, 0 send limit, 0 transport error)], stompSubProtocol[processed CONNECT(0)-CONNECTED(0)-DISCONNECT(0)], stompBrokerRelay[null], inboundChannel[pool size = 0, active threads = 0, queued tasks = 0, completed tasks = 0], outboundChannel[pool size = 0, active threads = 0, queued tasks = 0, completed tasks = 0], sockJsScheduler[pool size = 8, active threads = 1, queued tasks = 6, completed tasks = 15670]
2026-06-03T01:35:45.241-04:00  INFO 35856 --- [backend] [MessageBroker-4] o.s.w.s.c.WebSocketMessageBrokerStats    : WebSocketSession[0 current WS(0)-HttpStream(0)-HttpPoll(0), 0 total, 0 closed abnormally (0 connect failure, 0 send limit, 0 transport error)], stompSubProtocol[processed CONNECT(0)-CONNECTED(0)-DISCONNECT(0)], stompBrokerRelay[null], inboundChannel[pool size = 0, active threads = 0, queued tasks = 0, completed tasks = 0], outboundChannel[pool size = 0, active threads = 0, queued tasks = 0, completed tasks = 0], sockJsScheduler[pool size = 8, active threads = 1, queued tasks = 6, completed tasks = 15851]
2026-06-03T02:05:45.248-04:00  INFO 35856 --- [backend] [MessageBroker-2] o.s.w.s.c.WebSocketMessageBrokerStats    : WebSocketSession[0 current WS(0)-HttpStream(0)-HttpPoll(0), 0 total, 0 closed abnormally (0 connect failure, 0 send limit, 0 transport error)], stompSubProtocol[processed CONNECT(0)-CONNECTED(0)-DISCONNECT(0)], stompBrokerRelay[null], inboundChannel[pool size = 0, active threads = 0, queued tasks = 0, completed tasks = 0], outboundChannel[pool size = 0, active threads = 0, queued tasks = 0, completed tasks = 0], sockJsScheduler[pool size = 8, active threads = 1, queued tasks = 6, completed tasks = 16032]
2026-06-03T02:35:45.239-04:00  INFO 35856 --- [backend] [MessageBroker-1] o.s.w.s.c.WebSocketMessageBrokerStats    : WebSocketSession[0 current WS(0)-HttpStream(0)-HttpPoll(0), 0 total, 0 closed abnormally (0 connect failure, 0 send limit, 0 transport error)], stompSubProtocol[processed CONNECT(0)-CONNECTED(0)-DISCONNECT(0)], stompBrokerRelay[null], inboundChannel[pool size = 0, active threads = 0, queued tasks = 0, completed tasks = 0], outboundChannel[pool size = 0, active threads = 0, queued tasks = 0, completed tasks = 0], sockJsScheduler[pool size = 8, active threads = 1, queued tasks = 6, completed tasks = 16212]
2026-06-03T03:05:45.234-04:00  INFO 35856 --- [backend] [MessageBroker-5] o.s.w.s.c.WebSocketMessageBrokerStats    : WebSocketSession[0 current WS(0)-HttpStream(0)-HttpPoll(0), 0 total, 0 closed abnormally (0 connect failure, 0 send limit, 0 transport error)], stompSubProtocol[processed CONNECT(0)-CONNECTED(0)-DISCONNECT(0)], stompBrokerRelay[null], inboundChannel[pool size = 0, active threads = 0, queued tasks = 0, completed tasks = 0], outboundChannel[pool size = 0, active threads = 0, queued tasks = 0, completed tasks = 0], sockJsScheduler[pool size = 8, active threads = 1, queued tasks = 6, completed tasks = 16393]
2026-06-03T03:35:45.237-04:00  INFO 35856 --- [backend] [MessageBroker-7] o.s.w.s.c.WebSocketMessageBrokerStats    : WebSocketSession[0 current WS(0)-HttpStream(0)-HttpPoll(0), 0 total, 0 closed abnormally (0 connect failure, 0 send limit, 0 transport error)], stompSubProtocol[processed CONNECT(0)-CONNECTED(0)-DISCONNECT(0)], stompBrokerRelay[null], inboundChannel[pool size = 0, active threads = 0, queued tasks = 0, completed tasks = 0], outboundChannel[pool size = 0, active threads = 0, queued tasks = 0, completed tasks = 0], sockJsScheduler[pool size = 8, active threads = 1, queued tasks = 6, completed tasks = 16574]
2026-06-03T03:52:42.466-04:00  WARN 35856 --- [backend] [MessageBroker-5] com.zaxxer.hikari.pool.PoolBase          : HikariPool-21 - Failed to validate connection ConnectionID:953 ClientConnectionId: d7d7ce62-2b37-414e-9046-5e7fa3a4e5e3 (The connection is closed.). Possibly consider using a shorter maxLifetime value.
2026-06-03T03:52:42.466-04:00  WARN 35856 --- [backend] [mssql-timeout-task-40-d7d7ce62-2b37-414e-9046-5e7fa3a4e5e3] c.m.s.jdbc.internals.TDS.Command         : TDSCommand@632818d8 (SQLServerStatement:47581 executeXXX): Command could not be timed out. Reason: Connection or outbound has been closed
2026-06-03T03:52:45.166-04:00  WARN 35856 --- [backend] [HikariPool-21:housekeeper] com.zaxxer.hikari.pool.PoolBase          : HikariPool-21 - Failed to validate connection ConnectionID:956 ClientConnectionId: 9b81d74d-fe18-49b9-8099-6b6d7a978c32 (The connection is closed.). Possibly consider using a shorter maxLifetime value.
2026-06-03T03:52:45.166-04:00  WARN 35856 --- [backend] [mssql-timeout-task-41-9b81d74d-fe18-49b9-8099-6b6d7a978c32] c.m.s.jdbc.internals.TDS.Command         : TDSCommand@76e1eea7 (SQLServerStatement:47582 executeXXX): Command could not be timed out. Reason: Socket closed
2026-06-03T03:52:47.496-04:00  WARN 35856 --- [backend] [MessageBroker-5] com.zaxxer.hikari.pool.PoolBase          : HikariPool-21 - Failed to validate connection ConnectionID:954 ClientConnectionId: a0240acc-c2e7-433a-bd26-234b9a23072d (The connection is closed.). Possibly consider using a shorter maxLifetime value.
2026-06-03T03:52:47.496-04:00  WARN 35856 --- [backend] [mssql-timeout-task-42-a0240acc-c2e7-433a-bd26-234b9a23072d] c.m.s.jdbc.internals.TDS.Command         : TDSCommand@15841e56 (SQLServerStatement:47583 executeXXX): Command could not be timed out. Reason: Socket closed
2026-06-03T04:05:45.233-04:00  INFO 35856 --- [backend] [MessageBroker-2] o.s.w.s.c.WebSocketMessageBrokerStats    : WebSocketSession[0 current WS(0)-HttpStream(0)-HttpPoll(0), 0 total, 0 closed abnormally (0 connect failure, 0 send limit, 0 transport error)], stompSubProtocol[processed CONNECT(0)-CONNECTED(0)-DISCONNECT(0)], stompBrokerRelay[null], inboundChannel[pool size = 0, active threads = 0, queued tasks = 0, completed tasks = 0], outboundChannel[pool size = 0, active threads = 0, queued tasks = 0, completed tasks = 0], sockJsScheduler[pool size = 8, active threads = 1, queued tasks = 6, completed tasks = 16755]
2026-06-03T04:35:45.233-04:00  INFO 35856 --- [backend] [MessageBroker-2] o.s.w.s.c.WebSocketMessageBrokerStats    : WebSocketSession[0 current WS(0)-HttpStream(0)-HttpPoll(0), 0 total, 0 closed abnormally (0 connect failure, 0 send limit, 0 transport error)], stompSubProtocol[processed CONNECT(0)-CONNECTED(0)-DISCONNECT(0)], stompBrokerRelay[null], inboundChannel[pool size = 0, active threads = 0, queued tasks = 0, completed tasks = 0], outboundChannel[pool size = 0, active threads = 0, queued tasks = 0, completed tasks = 0], sockJsScheduler[pool size = 8, active threads = 1, queued tasks = 6, completed tasks = 16936]
2026-06-03T05:05:45.237-04:00  INFO 35856 --- [backend] [MessageBroker-4] o.s.w.s.c.WebSocketMessageBrokerStats    : WebSocketSession[0 current WS(0)-HttpStream(0)-HttpPoll(0), 0 total, 0 closed abnormally (0 connect failure, 0 send limit, 0 transport error)], stompSubProtocol[processed CONNECT(0)-CONNECTED(0)-DISCONNECT(0)], stompBrokerRelay[null], inboundChannel[pool size = 0, active threads = 0, queued tasks = 0, completed tasks = 0], outboundChannel[pool size = 0, active threads = 0, queued tasks = 0, completed tasks = 0], sockJsScheduler[pool size = 8, active threads = 1, queued tasks = 6, completed tasks = 17117]
2026-06-03T05:35:45.238-04:00  INFO 35856 --- [backend] [MessageBroker-3] o.s.w.s.c.WebSocketMessageBrokerStats    : WebSocketSession[0 current WS(0)-HttpStream(0)-HttpPoll(0), 0 total, 0 closed abnormally (0 connect failure, 0 send limit, 0 transport error)], stompSubProtocol[processed CONNECT(0)-CONNECTED(0)-DISCONNECT(0)], stompBrokerRelay[null], inboundChannel[pool size = 0, active threads = 0, queued tasks = 0, completed tasks = 0], outboundChannel[pool size = 0, active threads = 0, queued tasks = 0, completed tasks = 0], sockJsScheduler[pool size = 8, active threads = 2, queued tasks = 5, completed tasks = 17297]
2026-06-03T06:05:45.248-04:00  INFO 35856 --- [backend] [MessageBroker-6] o.s.w.s.c.WebSocketMessageBrokerStats    : WebSocketSession[0 current WS(0)-HttpStream(0)-HttpPoll(0), 0 total, 0 closed abnormally (0 connect failure, 0 send limit, 0 transport error)], stompSubProtocol[processed CONNECT(0)-CONNECTED(0)-DISCONNECT(0)], stompBrokerRelay[null], inboundChannel[pool size = 0, active threads = 0, queued tasks = 0, completed tasks = 0], outboundChannel[pool size = 0, active threads = 0, queued tasks = 0, completed tasks = 0], sockJsScheduler[pool size = 8, active threads = 1, queued tasks = 6, completed tasks = 17478]
2026-06-03T06:35:45.258-04:00  INFO 35856 --- [backend] [MessageBroker-4] o.s.w.s.c.WebSocketMessageBrokerStats    : WebSocketSession[0 current WS(0)-HttpStream(0)-HttpPoll(0), 0 total, 0 closed abnormally (0 connect failure, 0 send limit, 0 transport error)], stompSubProtocol[processed CONNECT(0)-CONNECTED(0)-DISCONNECT(0)], stompBrokerRelay[null], inboundChannel[pool size = 0, active threads = 0, queued tasks = 0, completed tasks = 0], outboundChannel[pool size = 0, active threads = 0, queued tasks = 0, completed tasks = 0], sockJsScheduler[pool size = 8, active threads = 1, queued tasks = 6, completed tasks = 17659]
2026-06-03T07:05:45.264-04:00  INFO 35856 --- [backend] [MessageBroker-7] o.s.w.s.c.WebSocketMessageBrokerStats    : WebSocketSession[0 current WS(0)-HttpStream(0)-HttpPoll(0), 0 total, 0 closed abnormally (0 connect failure, 0 send limit, 0 transport error)], stompSubProtocol[processed CONNECT(0)-CONNECTED(0)-DISCONNECT(0)], stompBrokerRelay[null], inboundChannel[pool size = 0, active threads = 0, queued tasks = 0, completed tasks = 0], outboundChannel[pool size = 0, active threads = 0, queued tasks = 0, completed tasks = 0], sockJsScheduler[pool size = 8, active threads = 1, queued tasks = 6, completed tasks = 17840]
2026-06-03T07:35:45.266-04:00  INFO 35856 --- [backend] [MessageBroker-2] o.s.w.s.c.WebSocketMessageBrokerStats    : WebSocketSession[0 current WS(0)-HttpStream(0)-HttpPoll(0), 0 total, 0 closed abnormally (0 connect failure, 0 send limit, 0 transport error)], stompSubProtocol[processed CONNECT(0)-CONNECTED(0)-DISCONNECT(0)], stompBrokerRelay[null], inboundChannel[pool size = 0, active threads = 0, queued tasks = 0, completed tasks = 0], outboundChannel[pool size = 0, active threads = 0, queued tasks = 0, completed tasks = 0], sockJsScheduler[pool size = 8, active threads = 1, queued tasks = 6, completed tasks = 18021]
2026-06-03T08:00:00.323-04:00  INFO 35856 --- [backend] [MessageBroker-5] c.s.b.services.SubscriptionTaskService   : ⏰ Iniciando tarea programada de revisión de suscripciones...
2026-06-03T08:05:45.266-04:00  INFO 35856 --- [backend] [MessageBroker-7] o.s.w.s.c.WebSocketMessageBrokerStats    : WebSocketSession[0 current WS(0)-HttpStream(0)-HttpPoll(0), 0 total, 0 closed abnormally (0 connect failure, 0 send limit, 0 transport error)], stompSubProtocol[processed CONNECT(0)-CONNECTED(0)-DISCONNECT(0)], stompBrokerRelay[null], inboundChannel[pool size = 0, active threads = 0, queued tasks = 0, completed tasks = 0], outboundChannel[pool size = 0, active threads = 0, queued tasks = 0, completed tasks = 0], sockJsScheduler[pool size = 8, active threads = 1, queued tasks = 6, completed tasks = 18203]
2026-06-03T08:35:45.266-04:00  INFO 35856 --- [backend] [MessageBroker-3] o.s.w.s.c.WebSocketMessageBrokerStats    : WebSocketSession[0 current WS(0)-HttpStream(0)-HttpPoll(0), 0 total, 0 closed abnormally (0 connect failure, 0 send limit, 0 transport error)], stompSubProtocol[processed CONNECT(0)-CONNECTED(0)-DISCONNECT(0)], stompBrokerRelay[null], inboundChannel[pool size = 0, active threads = 0, queued tasks = 0, completed tasks = 0], outboundChannel[pool size = 0, active threads = 0, queued tasks = 0, completed tasks = 0], sockJsScheduler[pool size = 8, active threads = 1, queued tasks = 6, completed tasks = 18384]
2026-06-03T09:05:45.268-04:00  INFO 35856 --- [backend] [MessageBroker-7] o.s.w.s.c.WebSocketMessageBrokerStats    : WebSocketSession[0 current WS(0)-HttpStream(0)-HttpPoll(0), 0 total, 0 closed abnormally (0 connect failure, 0 send limit, 0 transport error)], stompSubProtocol[processed CONNECT(0)-CONNECTED(0)-DISCONNECT(0)], stompBrokerRelay[null], inboundChannel[pool size = 0, active threads = 0, queued tasks = 0, completed tasks = 0], outboundChannel[pool size = 0, active threads = 0, queued tasks = 0, completed tasks = 0], sockJsScheduler[pool size = 8, active threads = 1, queued tasks = 6, completed tasks = 18564]
2026-06-03T09:35:45.281-04:00  INFO 35856 --- [backend] [MessageBroker-8] o.s.w.s.c.WebSocketMessageBrokerStats    : WebSocketSession[0 current WS(0)-HttpStream(0)-HttpPoll(0), 0 total, 0 closed abnormally (0 connect failure, 0 send limit, 0 transport error)], stompSubProtocol[processed CONNECT(0)-CONNECTED(0)-DISCONNECT(0)], stompBrokerRelay[null], inboundChannel[pool size = 0, active threads = 0, queued tasks = 0, completed tasks = 0], outboundChannel[pool size = 0, active threads = 0, queued tasks = 0, completed tasks = 0], sockJsScheduler[pool size = 8, active threads = 1, queued tasks = 6, completed tasks = 18745]
2026-06-03T10:05:45.284-04:00  INFO 35856 --- [backend] [MessageBroker-2] o.s.w.s.c.WebSocketMessageBrokerStats    : WebSocketSession[0 current WS(0)-HttpStream(0)-HttpPoll(0), 0 total, 0 closed abnormally (0 connect failure, 0 send limit, 0 transport error)], stompSubProtocol[processed CONNECT(0)-CONNECTED(0)-DISCONNECT(0)], stompBrokerRelay[null], inboundChannel[pool size = 0, active threads = 0, queued tasks = 0, completed tasks = 0], outboundChannel[pool size = 0, active threads = 0, queued tasks = 0, completed tasks = 0], sockJsScheduler[pool size = 8, active threads = 1, queued tasks = 6, completed tasks = 18926]
2026-06-03T10:35:45.296-04:00  INFO 35856 --- [backend] [MessageBroker-5] o.s.w.s.c.WebSocketMessageBrokerStats    : WebSocketSession[0 current WS(0)-HttpStream(0)-HttpPoll(0), 0 total, 0 closed abnormally (0 connect failure, 0 send limit, 0 transport error)], stompSubProtocol[processed CONNECT(0)-CONNECTED(0)-DISCONNECT(0)], stompBrokerRelay[null], inboundChannel[pool size = 0, active threads = 0, queued tasks = 0, completed tasks = 0], outboundChannel[pool size = 0, active threads = 0, queued tasks = 0, completed tasks = 0], sockJsScheduler[pool size = 8, active threads = 1, queued tasks = 6, completed tasks = 19107]
2026-06-03T11:05:45.301-04:00  INFO 35856 --- [backend] [MessageBroker-7] o.s.w.s.c.WebSocketMessageBrokerStats    : WebSocketSession[0 current WS(0)-HttpStream(0)-HttpPoll(0), 0 total, 0 closed abnormally (0 connect failure, 0 send limit, 0 transport error)], stompSubProtocol[processed CONNECT(0)-CONNECTED(0)-DISCONNECT(0)], stompBrokerRelay[null], inboundChannel[pool size = 0, active threads = 0, queued tasks = 0, completed tasks = 0], outboundChannel[pool size = 0, active threads = 0, queued tasks = 0, completed tasks = 0], sockJsScheduler[pool size = 8, active threads = 1, queued tasks = 6, completed tasks = 19288]
2026-06-03T11:35:45.301-04:00  INFO 35856 --- [backend] [MessageBroker-2] o.s.w.s.c.WebSocketMessageBrokerStats    : WebSocketSession[0 current WS(0)-HttpStream(0)-HttpPoll(0), 0 total, 0 closed abnormally (0 connect failure, 0 send limit, 0 transport error)], stompSubProtocol[processed CONNECT(0)-CONNECTED(0)-DISCONNECT(0)], stompBrokerRelay[null], inboundChannel[pool size = 0, active threads = 0, queued tasks = 0, completed tasks = 0], outboundChannel[pool size = 0, active threads = 0, queued tasks = 0, completed tasks = 0], sockJsScheduler[pool size = 8, active threads = 1, queued tasks = 6, completed tasks = 19469]
2026-06-03T12:05:45.301-04:00  INFO 35856 --- [backend] [MessageBroker-7] o.s.w.s.c.WebSocketMessageBrokerStats    : WebSocketSession[0 current WS(0)-HttpStream(0)-HttpPoll(0), 0 total, 0 closed abnormally (0 connect failure, 0 send limit, 0 transport error)], stompSubProtocol[processed CONNECT(0)-CONNECTED(0)-DISCONNECT(0)], stompBrokerRelay[null], inboundChannel[pool size = 0, active threads = 0, queued tasks = 0, completed tasks = 0], outboundChannel[pool size = 0, active threads = 0, queued tasks = 0, completed tasks = 0], sockJsScheduler[pool size = 8, active threads = 1, queued tasks = 6, completed tasks = 19650]
2026-06-03T12:35:45.298-04:00  INFO 35856 --- [backend] [MessageBroker-1] o.s.w.s.c.WebSocketMessageBrokerStats    : WebSocketSession[0 current WS(0)-HttpStream(0)-HttpPoll(0), 0 total, 0 closed abnormally (0 connect failure, 0 send limit, 0 transport error)], stompSubProtocol[processed CONNECT(0)-CONNECTED(0)-DISCONNECT(0)], stompBrokerRelay[null], inboundChannel[pool size = 0, active threads = 0, queued tasks = 0, completed tasks = 0], outboundChannel[pool size = 0, active threads = 0, queued tasks = 0, completed tasks = 0], sockJsScheduler[pool size = 8, active threads = 1, queued tasks = 6, completed tasks = 19830]
2026-06-03T12:58:56.766-04:00  WARN 35856 --- [backend] [MessageBroker-8] com.zaxxer.hikari.pool.ProxyConnection   : HikariPool-21 - Connection ConnectionID:1161 ClientConnectionId: 7e8c6124-de19-4d59-8b88-9b8a61cc381b marked as broken because of SQLSTATE(08S01), ErrorCode(0)

com.microsoft.sqlserver.jdbc.SQLServerException: Connection reset
	at com.microsoft.sqlserver.jdbc.SQLServerConnection.terminate(SQLServerConnection.java:4586)
	at com.microsoft.sqlserver.jdbc.TDSChannel.read(IOBuffer.java:2177)
	at com.microsoft.sqlserver.jdbc.TDSReader.readPacket(IOBuffer.java:6895)
	at com.microsoft.sqlserver.jdbc.TDSCommand.startResponse(IOBuffer.java:8145)
	at com.microsoft.sqlserver.jdbc.SQLServerPreparedStatement.doExecutePreparedStatement(SQLServerPreparedStatement.java:686)
	at com.microsoft.sqlserver.jdbc.SQLServerPreparedStatement$PrepStmtExecCmd.doExecute(SQLServerPreparedStatement.java:607)
	at com.microsoft.sqlserver.jdbc.TDSCommand.execute(IOBuffer.java:7745)
	at com.microsoft.sqlserver.jdbc.SQLServerConnection.executeCommand(SQLServerConnection.java:4706)
	at com.microsoft.sqlserver.jdbc.SQLServerStatement.executeCommand(SQLServerStatement.java:321)
	at com.microsoft.sqlserver.jdbc.SQLServerStatement.executeStatement(SQLServerStatement.java:253)
	at com.microsoft.sqlserver.jdbc.SQLServerPreparedStatement.executeQuery(SQLServerPreparedStatement.java:521)
	at com.zaxxer.hikari.pool.ProxyPreparedStatement.executeQuery(ProxyPreparedStatement.java:52)
	at com.zaxxer.hikari.pool.HikariProxyPreparedStatement.executeQuery(HikariProxyPreparedStatement.java)
	at org.hibernate.sql.results.jdbc.internal.DeferredResultSetAccess.executeQuery(DeferredResultSetAccess.java:251)
	at org.hibernate.sql.results.jdbc.internal.DeferredResultSetAccess.getResultSet(DeferredResultSetAccess.java:172)
	at org.hibernate.sql.results.jdbc.internal.JdbcValuesResultSetImpl.<init>(JdbcValuesResultSetImpl.java:74)
	at org.hibernate.sql.exec.internal.JdbcSelectExecutorStandardImpl.resolveJdbcValuesSource(JdbcSelectExecutorStandardImpl.java:355)
	at org.hibernate.sql.exec.internal.JdbcSelectExecutorStandardImpl.doExecuteQuery(JdbcSelectExecutorStandardImpl.java:137)
	at org.hibernate.sql.exec.internal.JdbcSelectExecutorStandardImpl.executeQuery(JdbcSelectExecutorStandardImpl.java:102)
	at org.hibernate.sql.exec.spi.JdbcSelectExecutor.executeQuery(JdbcSelectExecutor.java:91)
	at org.hibernate.sql.exec.spi.JdbcSelectExecutor.list(JdbcSelectExecutor.java:165)
	at org.hibernate.query.sqm.internal.ConcreteSqmSelectQueryPlan.lambda$new$1(ConcreteSqmSelectQueryPlan.java:149)
	at org.hibernate.query.sqm.internal.ConcreteSqmSelectQueryPlan.withCacheableSqmInterpretation(ConcreteSqmSelectQueryPlan.java:439)
	at org.hibernate.query.sqm.internal.ConcreteSqmSelectQueryPlan.performList(ConcreteSqmSelectQueryPlan.java:359)
	at org.hibernate.query.sqm.internal.QuerySqmImpl.doList(QuerySqmImpl.java:364)
	at org.hibernate.query.spi.AbstractSelectionQuery.list(AbstractSelectionQuery.java:143)
	at org.hibernate.query.Query.getResultList(Query.java:120)
	at java.base/jdk.internal.reflect.DirectMethodHandleAccessor.invoke(DirectMethodHandleAccessor.java:103)
	at java.base/java.lang.reflect.Method.invoke(Method.java:580)
	at org.springframework.orm.jpa.SharedEntityManagerCreator$DeferredQueryInvocationHandler.invoke(SharedEntityManagerCreator.java:419)
	at jdk.proxy42/jdk.proxy42.$Proxy682.getResultList(Unknown Source)
	at org.springframework.data.jpa.repository.query.JpaQueryExecution$CollectionExecution.doExecute(JpaQueryExecution.java:132)
	at org.springframework.data.jpa.repository.query.JpaQueryExecution.execute(JpaQueryExecution.java:95)
	at org.springframework.data.jpa.repository.query.AbstractJpaQuery.doExecute(AbstractJpaQuery.java:160)
	at org.springframework.data.jpa.repository.query.AbstractJpaQuery.execute(AbstractJpaQuery.java:148)
	at org.springframework.data.repository.core.support.RepositoryMethodInvoker.doInvoke(RepositoryMethodInvoker.java:170)
	at org.springframework.data.repository.core.support.RepositoryMethodInvoker.invoke(RepositoryMethodInvoker.java:158)
	at org.springframework.data.repository.core.support.QueryExecutorMethodInterceptor.doInvoke(QueryExecutorMethodInterceptor.java:170)
	at org.springframework.data.repository.core.support.QueryExecutorMethodInterceptor.invoke(QueryExecutorMethodInterceptor.java:149)
	at org.springframework.aop.framework.ReflectiveMethodInvocation.proceed(ReflectiveMethodInvocation.java:184)
	at org.springframework.data.projection.DefaultMethodInvokingMethodInterceptor.invoke(DefaultMethodInvokingMethodInterceptor.java:69)
	at org.springframework.aop.framework.ReflectiveMethodInvocation.proceed(ReflectiveMethodInvocation.java:184)
	at org.springframework.transaction.interceptor.TransactionAspectSupport.invokeWithinTransaction(TransactionAspectSupport.java:380)
	at org.springframework.transaction.interceptor.TransactionInterceptor.invoke(TransactionInterceptor.java:119)
	at org.springframework.aop.framework.ReflectiveMethodInvocation.proceed(ReflectiveMethodInvocation.java:184)
	at org.springframework.dao.support.PersistenceExceptionTranslationInterceptor.invoke(PersistenceExceptionTranslationInterceptor.java:138)
	at org.springframework.aop.framework.ReflectiveMethodInvocation.proceed(ReflectiveMethodInvocation.java:184)
	at org.springframework.data.jpa.repository.support.CrudMethodMetadataPostProcessor$CrudMethodMetadataPopulatingMethodInterceptor.invoke(CrudMethodMetadataPostProcessor.java:136)
	at org.springframework.aop.framework.ReflectiveMethodInvocation.proceed(ReflectiveMethodInvocation.java:184)
	at org.springframework.aop.framework.JdkDynamicAopProxy.invoke(JdkDynamicAopProxy.java:223)
	at jdk.proxy42/jdk.proxy42.$Proxy665.findByEstadoAndFechaFinSubastaBetween(Unknown Source)
	at com.subastashop.backend.schedulers.SubastaScheduler.ejecutarSnipersUltimoMinuto(SubastaScheduler.java:89)
	at java.base/jdk.internal.reflect.DirectMethodHandleAccessor.invoke(DirectMethodHandleAccessor.java:103)
	at java.base/java.lang.reflect.Method.invoke(Method.java:580)
	at org.springframework.aop.support.AopUtils.invokeJoinpointUsingReflection(AopUtils.java:360)
	at org.springframework.aop.framework.CglibAopProxy$DynamicAdvisedInterceptor.intercept(CglibAopProxy.java:724)
	at com.subastashop.backend.schedulers.SubastaScheduler$$SpringCGLIB$$0.ejecutarSnipersUltimoMinuto(<generated>)
	at java.base/jdk.internal.reflect.DirectMethodHandleAccessor.invoke(DirectMethodHandleAccessor.java:103)
	at java.base/java.lang.reflect.Method.invoke(Method.java:580)
	at org.springframework.scheduling.support.ScheduledMethodRunnable.runInternal(ScheduledMethodRunnable.java:130)
	at org.springframework.scheduling.support.ScheduledMethodRunnable.lambda$run$2(ScheduledMethodRunnable.java:124)
	at io.micrometer.observation.Observation.observe(Observation.java:498)
	at org.springframework.scheduling.support.ScheduledMethodRunnable.run(ScheduledMethodRunnable.java:124)
	at org.springframework.scheduling.config.Task$OutcomeTrackingRunnable.run(Task.java:87)
	at org.springframework.scheduling.support.DelegatingErrorHandlingRunnable.run(DelegatingErrorHandlingRunnable.java:54)
	at java.base/java.util.concurrent.Executors$RunnableAdapter.call(Executors.java:572)
	at java.base/java.util.concurrent.FutureTask.runAndReset(FutureTask.java:358)
	at java.base/java.util.concurrent.ScheduledThreadPoolExecutor$ScheduledFutureTask.run(ScheduledThreadPoolExecutor.java:305)
	at java.base/java.util.concurrent.ThreadPoolExecutor.runWorker(ThreadPoolExecutor.java:1144)
	at java.base/java.util.concurrent.ThreadPoolExecutor$Worker.run(ThreadPoolExecutor.java:642)
	at java.base/java.lang.Thread.run(Thread.java:1583)
Caused by: java.net.SocketException: Connection reset
	at java.base/sun.nio.ch.NioSocketImpl.implRead(NioSocketImpl.java:318)
	at java.base/sun.nio.ch.NioSocketImpl.read(NioSocketImpl.java:346)
	at java.base/sun.nio.ch.NioSocketImpl$1.read(NioSocketImpl.java:796)
	at java.base/java.net.Socket$SocketInputStream.read(Socket.java:1099)
	at com.microsoft.sqlserver.jdbc.TDSChannel$ProxyInputStream.readInternal(IOBuffer.java:1206)
	at com.microsoft.sqlserver.jdbc.TDSChannel$ProxyInputStream.read(IOBuffer.java:1192)
	at com.microsoft.sqlserver.jdbc.TDSChannel$ProxyInputStream.readInternal(IOBuffer.java:1206)
	at com.microsoft.sqlserver.jdbc.TDSChannel$ProxyInputStream.read(IOBuffer.java:1192)
	at java.base/sun.security.ssl.SSLSocketInputRecord.read(SSLSocketInputRecord.java:489)
	at java.base/sun.security.ssl.SSLSocketInputRecord.readHeader(SSLSocketInputRecord.java:483)
	at java.base/sun.security.ssl.SSLSocketInputRecord.bytesInCompletePacket(SSLSocketInputRecord.java:70)
	at java.base/sun.security.ssl.SSLSocketImpl.readApplicationRecord(SSLSocketImpl.java:1461)
	at java.base/sun.security.ssl.SSLSocketImpl$AppInputStream.read(SSLSocketImpl.java:1066)
	at com.microsoft.sqlserver.jdbc.TDSChannel$ProxyInputStream.readInternal(IOBuffer.java:1206)
	at com.microsoft.sqlserver.jdbc.TDSChannel$ProxyInputStream.read(IOBuffer.java:1192)
	at com.microsoft.sqlserver.jdbc.TDSChannel.read(IOBuffer.java:2166)
	... 69 common frames omitted

2026-06-03T12:58:56.769-04:00  WARN 35856 --- [backend] [MessageBroker-8] o.h.engine.jdbc.spi.SqlExceptionHelper   : SQL Error: 0, SQLState: 08S01
2026-06-03T12:58:56.769-04:00 ERROR 35856 --- [backend] [MessageBroker-8] o.h.engine.jdbc.spi.SqlExceptionHelper   : Connection reset
2026-06-03T12:58:56.772-04:00 ERROR 35856 --- [backend] [MessageBroker-8] o.s.s.s.TaskUtils$LoggingErrorHandler    : Unexpected error occurred in scheduled task

org.springframework.dao.DataAccessResourceFailureException: JDBC exception executing SQL [select p1_0.id,p1_0.alerta10MinEnviada,p1_0.cantidadGanadores,p1_0.cantidadNumeros,p1_0.categoria_id,p1_0.chatHabilitado,p1_0.deleted,p1_0.descripcion,p1_0.destacado,p1_0.estado,p1_0.fechaCreacion,p1_0.fechaFinSubasta,p1_0.fechaInicioSubasta,p1_0.horasVentaAnticipada,p1_0.nombre,p1_0.numeroPares,p1_0.precioActual,p1_0.precioBase,p1_0.precioTicket,p1_0.slug,p1_0.stock,p1_0.TenantId,p1_0.tienda_id,p1_0.tipoJuego,p1_0.tipoVenta from Productos p1_0 where (p1_0.deleted = 0) and p1_0.estado=? and p1_0.fechaFinSubasta between ? and ?] [Connection reset] [n/a]
	at org.springframework.orm.jpa.vendor.HibernateJpaDialect.convertHibernateAccessException(HibernateJpaDialect.java:278)
	at org.springframework.orm.jpa.vendor.HibernateJpaDialect.convertHibernateAccessException(HibernateJpaDialect.java:256)
	at org.springframework.orm.jpa.vendor.HibernateJpaDialect.translateExceptionIfPossible(HibernateJpaDialect.java:241)
	at org.springframework.orm.jpa.AbstractEntityManagerFactoryBean.translateExceptionIfPossible(AbstractEntityManagerFactoryBean.java:560)
	at org.springframework.dao.support.ChainedPersistenceExceptionTranslator.translateExceptionIfPossible(ChainedPersistenceExceptionTranslator.java:61)
	at org.springframework.dao.support.DataAccessUtils.translateIfNecessary(DataAccessUtils.java:343)
	at org.springframework.dao.support.PersistenceExceptionTranslationInterceptor.invoke(PersistenceExceptionTranslationInterceptor.java:160)
	at org.springframework.aop.framework.ReflectiveMethodInvocation.proceed(ReflectiveMethodInvocation.java:184)
	at org.springframework.data.jpa.repository.support.CrudMethodMetadataPostProcessor$CrudMethodMetadataPopulatingMethodInterceptor.invoke(CrudMethodMetadataPostProcessor.java:136)
	at org.springframework.aop.framework.ReflectiveMethodInvocation.proceed(ReflectiveMethodInvocation.java:184)
	at org.springframework.aop.framework.JdkDynamicAopProxy.invoke(JdkDynamicAopProxy.java:223)
	at jdk.proxy42/jdk.proxy42.$Proxy665.findByEstadoAndFechaFinSubastaBetween(Unknown Source)
	at com.subastashop.backend.schedulers.SubastaScheduler.ejecutarSnipersUltimoMinuto(SubastaScheduler.java:89)
	at java.base/jdk.internal.reflect.DirectMethodHandleAccessor.invoke(DirectMethodHandleAccessor.java:103)
	at java.base/java.lang.reflect.Method.invoke(Method.java:580)
	at org.springframework.aop.support.AopUtils.invokeJoinpointUsingReflection(AopUtils.java:360)
	at org.springframework.aop.framework.CglibAopProxy$DynamicAdvisedInterceptor.intercept(CglibAopProxy.java:724)
	at com.subastashop.backend.schedulers.SubastaScheduler$$SpringCGLIB$$0.ejecutarSnipersUltimoMinuto(<generated>)
	at java.base/jdk.internal.reflect.DirectMethodHandleAccessor.invoke(DirectMethodHandleAccessor.java:103)
	at java.base/java.lang.reflect.Method.invoke(Method.java:580)
	at org.springframework.scheduling.support.ScheduledMethodRunnable.runInternal(ScheduledMethodRunnable.java:130)
	at org.springframework.scheduling.support.ScheduledMethodRunnable.lambda$run$2(ScheduledMethodRunnable.java:124)
	at io.micrometer.observation.Observation.observe(Observation.java:498)
	at org.springframework.scheduling.support.ScheduledMethodRunnable.run(ScheduledMethodRunnable.java:124)
	at org.springframework.scheduling.config.Task$OutcomeTrackingRunnable.run(Task.java:87)
	at org.springframework.scheduling.support.DelegatingErrorHandlingRunnable.run(DelegatingErrorHandlingRunnable.java:54)
	at java.base/java.util.concurrent.Executors$RunnableAdapter.call(Executors.java:572)
	at java.base/java.util.concurrent.FutureTask.runAndReset(FutureTask.java:358)
	at java.base/java.util.concurrent.ScheduledThreadPoolExecutor$ScheduledFutureTask.run(ScheduledThreadPoolExecutor.java:305)
	at java.base/java.util.concurrent.ThreadPoolExecutor.runWorker(ThreadPoolExecutor.java:1144)
	at java.base/java.util.concurrent.ThreadPoolExecutor$Worker.run(ThreadPoolExecutor.java:642)
	at java.base/java.lang.Thread.run(Thread.java:1583)
Caused by: org.hibernate.exception.JDBCConnectionException: JDBC exception executing SQL [select p1_0.id,p1_0.alerta10MinEnviada,p1_0.cantidadGanadores,p1_0.cantidadNumeros,p1_0.categoria_id,p1_0.chatHabilitado,p1_0.deleted,p1_0.descripcion,p1_0.destacado,p1_0.estado,p1_0.fechaCreacion,p1_0.fechaFinSubasta,p1_0.fechaInicioSubasta,p1_0.horasVentaAnticipada,p1_0.nombre,p1_0.numeroPares,p1_0.precioActual,p1_0.precioBase,p1_0.precioTicket,p1_0.slug,p1_0.stock,p1_0.TenantId,p1_0.tienda_id,p1_0.tipoJuego,p1_0.tipoVenta from Productos p1_0 where (p1_0.deleted = 0) and p1_0.estado=? and p1_0.fechaFinSubasta between ? and ?] [Connection reset] [n/a]
	at org.hibernate.exception.internal.SQLStateConversionDelegate.convert(SQLStateConversionDelegate.java:100)
	at org.hibernate.exception.internal.StandardSQLExceptionConverter.convert(StandardSQLExceptionConverter.java:58)
	at org.hibernate.engine.jdbc.spi.SqlExceptionHelper.convert(SqlExceptionHelper.java:108)
	at org.hibernate.engine.jdbc.spi.SqlExceptionHelper.convert(SqlExceptionHelper.java:94)
	at org.hibernate.sql.results.jdbc.internal.DeferredResultSetAccess.executeQuery(DeferredResultSetAccess.java:269)
	at org.hibernate.sql.results.jdbc.internal.DeferredResultSetAccess.getResultSet(DeferredResultSetAccess.java:172)
	at org.hibernate.sql.results.jdbc.internal.JdbcValuesResultSetImpl.<init>(JdbcValuesResultSetImpl.java:74)
	at org.hibernate.sql.exec.internal.JdbcSelectExecutorStandardImpl.resolveJdbcValuesSource(JdbcSelectExecutorStandardImpl.java:355)
	at org.hibernate.sql.exec.internal.JdbcSelectExecutorStandardImpl.doExecuteQuery(JdbcSelectExecutorStandardImpl.java:137)
	at org.hibernate.sql.exec.internal.JdbcSelectExecutorStandardImpl.executeQuery(JdbcSelectExecutorStandardImpl.java:102)
	at org.hibernate.sql.exec.spi.JdbcSelectExecutor.executeQuery(JdbcSelectExecutor.java:91)
	at org.hibernate.sql.exec.spi.JdbcSelectExecutor.list(JdbcSelectExecutor.java:165)
	at org.hibernate.query.sqm.internal.ConcreteSqmSelectQueryPlan.lambda$new$1(ConcreteSqmSelectQueryPlan.java:149)
	at org.hibernate.query.sqm.internal.ConcreteSqmSelectQueryPlan.withCacheableSqmInterpretation(ConcreteSqmSelectQueryPlan.java:439)
	at org.hibernate.query.sqm.internal.ConcreteSqmSelectQueryPlan.performList(ConcreteSqmSelectQueryPlan.java:359)
	at org.hibernate.query.sqm.internal.QuerySqmImpl.doList(QuerySqmImpl.java:364)
	at org.hibernate.query.spi.AbstractSelectionQuery.list(AbstractSelectionQuery.java:143)
	at org.hibernate.query.Query.getResultList(Query.java:120)
	at java.base/jdk.internal.reflect.DirectMethodHandleAccessor.invoke(DirectMethodHandleAccessor.java:103)
	at java.base/java.lang.reflect.Method.invoke(Method.java:580)
	at org.springframework.orm.jpa.SharedEntityManagerCreator$DeferredQueryInvocationHandler.invoke(SharedEntityManagerCreator.java:419)
	at jdk.proxy42/jdk.proxy42.$Proxy682.getResultList(Unknown Source)
	at org.springframework.data.jpa.repository.query.JpaQueryExecution$CollectionExecution.doExecute(JpaQueryExecution.java:132)
	at org.springframework.data.jpa.repository.query.JpaQueryExecution.execute(JpaQueryExecution.java:95)
	at org.springframework.data.jpa.repository.query.AbstractJpaQuery.doExecute(AbstractJpaQuery.java:160)
	at org.springframework.data.jpa.repository.query.AbstractJpaQuery.execute(AbstractJpaQuery.java:148)
	at org.springframework.data.repository.core.support.RepositoryMethodInvoker.doInvoke(RepositoryMethodInvoker.java:170)
	at org.springframework.data.repository.core.support.RepositoryMethodInvoker.invoke(RepositoryMethodInvoker.java:158)
	at org.springframework.data.repository.core.support.QueryExecutorMethodInterceptor.doInvoke(QueryExecutorMethodInterceptor.java:170)
	at org.springframework.data.repository.core.support.QueryExecutorMethodInterceptor.invoke(QueryExecutorMethodInterceptor.java:149)
	at org.springframework.aop.framework.ReflectiveMethodInvocation.proceed(ReflectiveMethodInvocation.java:184)
	at org.springframework.data.projection.DefaultMethodInvokingMethodInterceptor.invoke(DefaultMethodInvokingMethodInterceptor.java:69)
	at org.springframework.aop.framework.ReflectiveMethodInvocation.proceed(ReflectiveMethodInvocation.java:184)
	at org.springframework.transaction.interceptor.TransactionAspectSupport.invokeWithinTransaction(TransactionAspectSupport.java:380)
	at org.springframework.transaction.interceptor.TransactionInterceptor.invoke(TransactionInterceptor.java:119)
	at org.springframework.aop.framework.ReflectiveMethodInvocation.proceed(ReflectiveMethodInvocation.java:184)
	at org.springframework.dao.support.PersistenceExceptionTranslationInterceptor.invoke(PersistenceExceptionTranslationInterceptor.java:138)
	... 25 common frames omitted
Caused by: com.microsoft.sqlserver.jdbc.SQLServerException: Connection reset
	at com.microsoft.sqlserver.jdbc.SQLServerConnection.terminate(SQLServerConnection.java:4586)
	at com.microsoft.sqlserver.jdbc.TDSChannel.read(IOBuffer.java:2177)
	at com.microsoft.sqlserver.jdbc.TDSReader.readPacket(IOBuffer.java:6895)
	at com.microsoft.sqlserver.jdbc.TDSCommand.startResponse(IOBuffer.java:8145)
	at com.microsoft.sqlserver.jdbc.SQLServerPreparedStatement.doExecutePreparedStatement(SQLServerPreparedStatement.java:686)
	at com.microsoft.sqlserver.jdbc.SQLServerPreparedStatement$PrepStmtExecCmd.doExecute(SQLServerPreparedStatement.java:607)
	at com.microsoft.sqlserver.jdbc.TDSCommand.execute(IOBuffer.java:7745)
	at com.microsoft.sqlserver.jdbc.SQLServerConnection.executeCommand(SQLServerConnection.java:4706)
	at com.microsoft.sqlserver.jdbc.SQLServerStatement.executeCommand(SQLServerStatement.java:321)
	at com.microsoft.sqlserver.jdbc.SQLServerStatement.executeStatement(SQLServerStatement.java:253)
	at com.microsoft.sqlserver.jdbc.SQLServerPreparedStatement.executeQuery(SQLServerPreparedStatement.java:521)
	at com.zaxxer.hikari.pool.ProxyPreparedStatement.executeQuery(ProxyPreparedStatement.java:52)
	at com.zaxxer.hikari.pool.HikariProxyPreparedStatement.executeQuery(HikariProxyPreparedStatement.java)
	at org.hibernate.sql.results.jdbc.internal.DeferredResultSetAccess.executeQuery(DeferredResultSetAccess.java:251)
	... 57 common frames omitted
Caused by: java.net.SocketException: Connection reset
	at java.base/sun.nio.ch.NioSocketImpl.implRead(NioSocketImpl.java:318)
	at java.base/sun.nio.ch.NioSocketImpl.read(NioSocketImpl.java:346)
	at java.base/sun.nio.ch.NioSocketImpl$1.read(NioSocketImpl.java:796)
	at java.base/java.net.Socket$SocketInputStream.read(Socket.java:1099)
	at com.microsoft.sqlserver.jdbc.TDSChannel$ProxyInputStream.readInternal(IOBuffer.java:1206)
	at com.microsoft.sqlserver.jdbc.TDSChannel$ProxyInputStream.read(IOBuffer.java:1192)
	at com.microsoft.sqlserver.jdbc.TDSChannel$ProxyInputStream.readInternal(IOBuffer.java:1206)
	at com.microsoft.sqlserver.jdbc.TDSChannel$ProxyInputStream.read(IOBuffer.java:1192)
	at java.base/sun.security.ssl.SSLSocketInputRecord.read(SSLSocketInputRecord.java:489)
	at java.base/sun.security.ssl.SSLSocketInputRecord.readHeader(SSLSocketInputRecord.java:483)
	at java.base/sun.security.ssl.SSLSocketInputRecord.bytesInCompletePacket(SSLSocketInputRecord.java:70)
	at java.base/sun.security.ssl.SSLSocketImpl.readApplicationRecord(SSLSocketImpl.java:1461)
	at java.base/sun.security.ssl.SSLSocketImpl$AppInputStream.read(SSLSocketImpl.java:1066)
	at com.microsoft.sqlserver.jdbc.TDSChannel$ProxyInputStream.readInternal(IOBuffer.java:1206)
	at com.microsoft.sqlserver.jdbc.TDSChannel$ProxyInputStream.read(IOBuffer.java:1192)
	at com.microsoft.sqlserver.jdbc.TDSChannel.read(IOBuffer.java:2166)
	... 69 common frames omitted

2026-06-03T12:58:57.698-04:00  WARN 35856 --- [backend] [MessageBroker-8] com.zaxxer.hikari.pool.PoolBase          : HikariPool-21 - Failed to validate connection ConnectionID:1163 ClientConnectionId: ee50ba02-24c1-4152-afc1-a791e1e0fea9 (The connection is closed.). Possibly consider using a shorter maxLifetime value.
2026-06-03T12:58:57.712-04:00  WARN 35856 --- [backend] [MessageBroker-7] com.zaxxer.hikari.pool.PoolBase          : HikariPool-21 - Failed to validate connection ConnectionID:1162 ClientConnectionId: f874662d-0f00-4977-905b-a0478db32319 (The connection is closed.). Possibly consider using a shorter maxLifetime value.
2026-06-03T12:59:01.326-04:00  WARN 35856 --- [backend] [MessageBroker-7] com.zaxxer.hikari.pool.PoolBase          : HikariPool-21 - Failed to validate connection ConnectionID:1165 ClientConnectionId: ea411ff7-fbad-48d9-a8e6-9aa1f83ff14c (The connection is closed.). Possibly consider using a shorter maxLifetime value.
2026-06-03T12:59:02.728-04:00  WARN 35856 --- [backend] [MessageBroker-8] com.zaxxer.hikari.pool.PoolBase          : HikariPool-21 - Failed to validate connection ConnectionID:1164 ClientConnectionId: c7165f49-a094-4549-9b13-abfff27e0c5a (The connection is closed.). Possibly consider using a shorter maxLifetime value.
2026-06-03T12:59:02.728-04:00  WARN 35856 --- [backend] [mssql-timeout-task-43-c7165f49-a094-4549-9b13-abfff27e0c5a] c.m.s.jdbc.internals.TDS.Command         : TDSCommand@40f0c93c (SQLServerStatement:57072 executeXXX): Command could not be timed out. Reason: Socket closed
2026-06-03T12:59:06.345-04:00  WARN 35856 --- [backend] [MessageBroker-7] com.zaxxer.hikari.pool.PoolBase          : HikariPool-21 - Failed to validate connection ConnectionID:1166 ClientConnectionId: b3650fc1-24fd-47ad-ade5-7142b664cc12 (The connection is closed.). Possibly consider using a shorter maxLifetime value.
2026-06-03T12:59:06.345-04:00  WARN 35856 --- [backend] [mssql-timeout-task-44-b3650fc1-24fd-47ad-ade5-7142b664cc12] c.m.s.jdbc.internals.TDS.Command         : TDSCommand@5ed8265b (SQLServerStatement:57074 executeXXX): Command could not be timed out. Reason: Socket closed
2026-06-03T12:59:06.438-04:00  WARN 35856 --- [backend] [MessageBroker-7] com.zaxxer.hikari.pool.PoolBase          : HikariPool-21 - Failed to validate connection ConnectionID:1168 ClientConnectionId: 7cfdc0a5-ba1f-4b57-9a08-b056687ed78e (The connection is closed.). Possibly consider using a shorter maxLifetime value.
2026-06-03T12:59:07.758-04:00  WARN 35856 --- [backend] [mssql-timeout-task-45-96d6021f-593d-4f4b-96bb-4384e443cae9] c.m.s.jdbc.internals.TDS.Command         : TDSCommand@1ac1e576 (SQLServerStatement:57075 executeXXX): Command could not be timed out. Reason: Socket closed
2026-06-03T12:59:07.758-04:00  WARN 35856 --- [backend] [MessageBroker-8] com.zaxxer.hikari.pool.PoolBase          : HikariPool-21 - Failed to validate connection ConnectionID:1167 ClientConnectionId: 96d6021f-593d-4f4b-96bb-4384e443cae9 (The connection is closed.). Possibly consider using a shorter maxLifetime value.
2026-06-03T12:59:11.460-04:00  WARN 35856 --- [backend] [MessageBroker-7] com.zaxxer.hikari.pool.PoolBase          : HikariPool-21 - Failed to validate connection ConnectionID:1169 ClientConnectionId: 995a3871-2f19-4640-b46b-79488765623d (The connection is closed.). Possibly consider using a shorter maxLifetime value.
2026-06-03T12:59:11.460-04:00  WARN 35856 --- [backend] [mssql-timeout-task-46-995a3871-2f19-4640-b46b-79488765623d] c.m.s.jdbc.internals.TDS.Command         : TDSCommand@5ce09ebe (SQLServerStatement:57077 executeXXX): Command could not be timed out. Reason: Socket closed
2026-06-03T13:05:45.296-04:00  INFO 35856 --- [backend] [MessageBroker-8] o.s.w.s.c.WebSocketMessageBrokerStats    : WebSocketSession[0 current WS(0)-HttpStream(0)-HttpPoll(0), 0 total, 0 closed abnormally (0 connect failure, 0 send limit, 0 transport error)], stompSubProtocol[processed CONNECT(0)-CONNECTED(0)-DISCONNECT(0)], stompBrokerRelay[null], inboundChannel[pool size = 0, active threads = 0, queued tasks = 0, completed tasks = 0], outboundChannel[pool size = 0, active threads = 0, queued tasks = 0, completed tasks = 0], sockJsScheduler[pool size = 8, active threads = 1, queued tasks = 6, completed tasks = 20011]
2026-06-03T13:21:14.069-04:00  WARN 35856 --- [backend] [mssql-timeout-task-47-e10b0519-6ee8-4b7a-ae85-d25cd908e168] c.m.s.jdbc.internals.TDS.Command         : TDSCommand@344e5f54 (SQLServerStatement:57449 executeXXX): Command could not be timed out. Reason: Connection or outbound has closed
2026-06-03T13:21:14.069-04:00  WARN 35856 --- [backend] [HikariPool-21:housekeeper] com.zaxxer.hikari.pool.PoolBase          : HikariPool-21 - Failed to validate connection ConnectionID:1170 ClientConnectionId: e10b0519-6ee8-4b7a-ae85-d25cd908e168 (The connection is closed.). Possibly consider using a shorter maxLifetime value.
2026-06-03T13:35:45.297-04:00  INFO 35856 --- [backend] [MessageBroker-4] o.s.w.s.c.WebSocketMessageBrokerStats    : WebSocketSession[0 current WS(0)-HttpStream(0)-HttpPoll(0), 0 total, 0 closed abnormally (0 connect failure, 0 send limit, 0 transport error)], stompSubProtocol[processed CONNECT(0)-CONNECTED(0)-DISCONNECT(0)], stompBrokerRelay[null], inboundChannel[pool size = 0, active threads = 0, queued tasks = 0, completed tasks = 0], outboundChannel[pool size = 0, active threads = 0, queued tasks = 0, completed tasks = 0], sockJsScheduler[pool size = 8, active threads = 1, queued tasks = 6, completed tasks = 20192]
2026-06-03T13:41:22.370-04:00  WARN 35856 --- [backend] [MessageBroker-8] com.zaxxer.hikari.pool.PoolBase          : HikariPool-21 - Failed to validate connection ConnectionID:1181 ClientConnectionId: aee6c5a0-b4d0-47df-932e-e4f31ffb0e14 (The connection is closed.). Possibly consider using a shorter maxLifetime value.
2026-06-03T13:41:22.370-04:00  WARN 35856 --- [backend] [mssql-timeout-task-48-aee6c5a0-b4d0-47df-932e-e4f31ffb0e14] c.m.s.jdbc.internals.TDS.Command         : TDSCommand@48f56e (SQLServerStatement:57796 executeXXX): Command could not be timed out. Reason: Connection or outbound has closed
2026-06-03T13:41:22.386-04:00  WARN 35856 --- [backend] [MessageBroker-4] com.zaxxer.hikari.pool.PoolBase          : HikariPool-21 - Failed to validate connection ConnectionID:1182 ClientConnectionId: 4cfd1084-41b0-4c91-b598-a0db942c5162 (The connection is closed.). Possibly consider using a shorter maxLifetime value.
2026-06-03T13:41:22.386-04:00  WARN 35856 --- [backend] [MessageBroker-5] com.zaxxer.hikari.pool.PoolBase          : HikariPool-21 - Failed to validate connection ConnectionID:1183 ClientConnectionId: d9d482ca-cd30-4822-ae03-e0542521ac43 (The connection is closed.). Possibly consider using a shorter maxLifetime value.
2026-06-03T13:41:22.386-04:00  WARN 35856 --- [backend] [mssql-timeout-task-49-d9d482ca-cd30-4822-ae03-e0542521ac43] c.m.s.jdbc.internals.TDS.Command         : TDSCommand@7ee4b71a (SQLServerStatement:57795 executeXXX): Command could not be timed out. Reason: Socket closed
2026-06-03T13:41:22.386-04:00  WARN 35856 --- [backend] [mssql-timeout-task-50-4cfd1084-41b0-4c91-b598-a0db942c5162] c.m.s.jdbc.internals.TDS.Command         : TDSCommand@731387a9 (SQLServerStatement:57797 executeXXX): Command could not be timed out. Reason: Socket closed
2026-06-03T13:41:27.190-04:00  WARN 35856 --- [backend] [mssql-timeout-task-51-d56042aa-d979-4b79-827a-f97b4721cf70] c.m.s.jdbc.internals.TDS.Command         : TDSCommand@40df0361 (SQLServerStatement:57798 executeXXX): Command could not be timed out. Reason: Socket closed
2026-06-03T13:41:27.190-04:00  WARN 35856 --- [backend] [HikariPool-21:housekeeper] com.zaxxer.hikari.pool.PoolBase          : HikariPool-21 - Failed to validate connection ConnectionID:1186 ClientConnectionId: d56042aa-d979-4b79-827a-f97b4721cf70 (The connection is closed.). Possibly consider using a shorter maxLifetime value.
2026-06-03T13:41:27.386-04:00  WARN 35856 --- [backend] [MessageBroker-8] com.zaxxer.hikari.pool.PoolBase          : HikariPool-21 - Failed to validate connection ConnectionID:1184 ClientConnectionId: 07ac66d4-79a6-4d1f-9ed7-8d77ef6f21f1 (The connection is closed.). Possibly consider using a shorter maxLifetime value.
2026-06-03T13:41:27.386-04:00  WARN 35856 --- [backend] [mssql-timeout-task-52-07ac66d4-79a6-4d1f-9ed7-8d77ef6f21f1] c.m.s.jdbc.internals.TDS.Command         : TDSCommand@51c0356c (SQLServerStatement:57799 executeXXX): Command could not be timed out. Reason: Socket closed
2026-06-03T13:41:27.401-04:00  WARN 35856 --- [backend] [mssql-timeout-task-53-e87376ca-7970-462a-bfc6-81f9a365570f] c.m.s.jdbc.internals.TDS.Command         : TDSCommand@290fd5a6 (SQLServerStatement:57801 executeXXX): Command could not be timed out. Reason: Socket closed
2026-06-03T13:41:27.401-04:00  WARN 35856 --- [backend] [MessageBroker-5] com.zaxxer.hikari.pool.PoolBase          : HikariPool-21 - Failed to validate connection ConnectionID:1187 ClientConnectionId: e87376ca-7970-462a-bfc6-81f9a365570f (The connection is closed.). Possibly consider using a shorter maxLifetime value.
2026-06-03T13:41:27.417-04:00  WARN 35856 --- [backend] [MessageBroker-4] com.zaxxer.hikari.pool.PoolBase          : HikariPool-21 - Failed to validate connection ConnectionID:1185 ClientConnectionId: a405b479-1a75-4662-b744-bf3fa5b4975c (The connection is closed.). Possibly consider using a shorter maxLifetime value.
2026-06-03T13:41:27.417-04:00  WARN 35856 --- [backend] [mssql-timeout-task-54-a405b479-1a75-4662-b744-bf3fa5b4975c] c.m.s.jdbc.internals.TDS.Command         : TDSCommand@2c494506 (SQLServerStatement:57800 executeXXX): Command could not be timed out. Reason: Socket closed
2026-06-03T13:41:30.236-04:00  WARN 35856 --- [backend] [mssql-timeout-task-55-0c916e4d-04eb-4622-bcb5-edddf4a97ba4] c.m.s.jdbc.internals.TDS.Command         : TDSCommand@7118b256 (SQLServerStatement:57802 executeXXX): Command could not be timed out. Reason: Socket closed
2026-06-03T13:41:30.236-04:00  WARN 35856 --- [backend] [MessageBroker-3] com.zaxxer.hikari.pool.PoolBase          : HikariPool-21 - Failed to validate connection ConnectionID:1188 ClientConnectionId: 0c916e4d-04eb-4622-bcb5-edddf4a97ba4 (The connection is closed.). Possibly consider using a shorter maxLifetime value.
2026-06-03T13:41:32.057-04:00  WARN 35856 --- [backend] [MessageBroker-8] com.zaxxer.hikari.pool.PoolBase          : HikariPool-21 - Failed to validate connection ConnectionID:1189 ClientConnectionId: 2087c04c-5109-41d4-a6c4-4aad49546c38 (The connection is closed.). Possibly consider using a shorter maxLifetime value.
2026-06-03T13:41:32.424-04:00  WARN 35856 --- [backend] [MessageBroker-5] com.zaxxer.hikari.pool.PoolBase          : HikariPool-21 - Failed to validate connection ConnectionID:1190 ClientConnectionId: 43027db8-c744-4929-bc58-93282b59106a (The connection is closed.). Possibly consider using a shorter maxLifetime value.
2026-06-03T13:41:32.424-04:00  WARN 35856 --- [backend] [mssql-timeout-task-56-43027db8-c744-4929-bc58-93282b59106a] c.m.s.jdbc.internals.TDS.Command         : TDSCommand@66e84b3e (SQLServerStatement:57804 executeXXX): Command could not be timed out. Reason: Socket closed
2026-06-03T13:49:02.396-04:00  WARN 35856 --- [backend] [MessageBroker-4] com.zaxxer.hikari.pool.PoolBase          : HikariPool-21 - Failed to validate connection ConnectionID:1194 ClientConnectionId: 2a9c6531-3065-42e1-9b54-7d0efb04b9c5 (The connection is closed.). Possibly consider using a shorter maxLifetime value.
2026-06-03T13:49:02.396-04:00  WARN 35856 --- [backend] [mssql-timeout-task-57-2a9c6531-3065-42e1-9b54-7d0efb04b9c5] c.m.s.jdbc.internals.TDS.Command         : TDSCommand@2fbc70cb (SQLServerStatement:57931 executeXXX): Command could not be timed out. Reason: Socket closed
2026-06-03T13:49:07.427-04:00  WARN 35856 --- [backend] [mssql-timeout-task-58-8e85fcf5-ea4d-4407-ac2b-ee60313b4973] c.m.s.jdbc.internals.TDS.Command         : TDSCommand@38b2c386 (SQLServerStatement:57932 executeXXX): Command could not be timed out. Reason: Socket closed
2026-06-03T13:49:07.427-04:00  WARN 35856 --- [backend] [MessageBroker-4] com.zaxxer.hikari.pool.PoolBase          : HikariPool-21 - Failed to validate connection ConnectionID:1192 ClientConnectionId: 8e85fcf5-ea4d-4407-ac2b-ee60313b4973 (The connection is closed.). Possibly consider using a shorter maxLifetime value.
2026-06-03T13:49:08.918-04:00  WARN 35856 --- [backend] [HikariPool-21:housekeeper] com.zaxxer.hikari.pool.PoolBase          : HikariPool-21 - Failed to validate connection ConnectionID:1197 ClientConnectionId: 2ac228c8-c56c-4a13-994f-d6ad03a87dce (The connection is closed.). Possibly consider using a shorter maxLifetime value.
2026-06-03T13:49:08.918-04:00  WARN 35856 --- [backend] [mssql-timeout-task-59-2ac228c8-c56c-4a13-994f-d6ad03a87dce] c.m.s.jdbc.internals.TDS.Command         : TDSCommand@17e55361 (SQLServerStatement:57933 executeXXX): Command could not be timed out. Reason: Socket closed
2026-06-03T13:49:12.448-04:00  WARN 35856 --- [backend] [mssql-timeout-task-60-ba72fa2d-9a6a-44f9-9dc7-06c596ff0826] c.m.s.jdbc.internals.TDS.Command         : TDSCommand@9021f0c (SQLServerStatement:57934 executeXXX): Command could not be timed out. Reason: Connection or outbound has closed
2026-06-03T13:49:12.448-04:00  WARN 35856 --- [backend] [MessageBroker-4] com.zaxxer.hikari.pool.PoolBase          : HikariPool-21 - Failed to validate connection ConnectionID:1193 ClientConnectionId: ba72fa2d-9a6a-44f9-9dc7-06c596ff0826 (The connection is closed.). Possibly consider using a shorter maxLifetime value.
2026-06-03T14:05:45.296-04:00  INFO 35856 --- [backend] [MessageBroker-8] o.s.w.s.c.WebSocketMessageBrokerStats    : WebSocketSession[0 current WS(0)-HttpStream(0)-HttpPoll(0), 0 total, 0 closed abnormally (0 connect failure, 0 send limit, 0 transport error)], stompSubProtocol[processed CONNECT(0)-CONNECTED(0)-DISCONNECT(0)], stompBrokerRelay[null], inboundChannel[pool size = 0, active threads = 0, queued tasks = 0, completed tasks = 0], outboundChannel[pool size = 0, active threads = 0, queued tasks = 0, completed tasks = 0], sockJsScheduler[pool size = 8, active threads = 1, queued tasks = 6, completed tasks = 20372]
2026-06-03T14:35:45.300-04:00  INFO 35856 --- [backend] [MessageBroker-6] o.s.w.s.c.WebSocketMessageBrokerStats    : WebSocketSession[0 current WS(0)-HttpStream(0)-HttpPoll(0), 0 total, 0 closed abnormally (0 connect failure, 0 send limit, 0 transport error)], stompSubProtocol[processed CONNECT(0)-CONNECTED(0)-DISCONNECT(0)], stompBrokerRelay[null], inboundChannel[pool size = 0, active threads = 0, queued tasks = 0, completed tasks = 0], outboundChannel[pool size = 0, active threads = 0, queued tasks = 0, completed tasks = 0], sockJsScheduler[pool size = 8, active threads = 1, queued tasks = 6, completed tasks = 20553]
2026-06-03T15:05:45.312-04:00  INFO 35856 --- [backend] [MessageBroker-5] o.s.w.s.c.WebSocketMessageBrokerStats    : WebSocketSession[0 current WS(0)-HttpStream(0)-HttpPoll(0), 0 total, 0 closed abnormally (0 connect failure, 0 send limit, 0 transport error)], stompSubProtocol[processed CONNECT(0)-CONNECTED(0)-DISCONNECT(0)], stompBrokerRelay[null], inboundChannel[pool size = 0, active threads = 0, queued tasks = 0, completed tasks = 0], outboundChannel[pool size = 0, active threads = 0, queued tasks = 0, completed tasks = 0], sockJsScheduler[pool size = 8, active threads = 1, queued tasks = 6, completed tasks = 20734]
2026-06-03T15:35:45.319-04:00  INFO 35856 --- [backend] [MessageBroker-4] o.s.w.s.c.WebSocketMessageBrokerStats    : WebSocketSession[0 current WS(0)-HttpStream(0)-HttpPoll(0), 0 total, 0 closed abnormally (0 connect failure, 0 send limit, 0 transport error)], stompSubProtocol[processed CONNECT(0)-CONNECTED(0)-DISCONNECT(0)], stompBrokerRelay[null], inboundChannel[pool size = 0, active threads = 0, queued tasks = 0, completed tasks = 0], outboundChannel[pool size = 0, active threads = 0, queued tasks = 0, completed tasks = 0], sockJsScheduler[pool size = 8, active threads = 1, queued tasks = 6, completed tasks = 20915]
2026-06-03T16:05:45.317-04:00  INFO 35856 --- [backend] [MessageBroker-8] o.s.w.s.c.WebSocketMessageBrokerStats    : WebSocketSession[0 current WS(0)-HttpStream(0)-HttpPoll(0), 0 total, 0 closed abnormally (0 connect failure, 0 send limit, 0 transport error)], stompSubProtocol[processed CONNECT(0)-CONNECTED(0)-DISCONNECT(0)], stompBrokerRelay[null], inboundChannel[pool size = 0, active threads = 0, queued tasks = 0, completed tasks = 0], outboundChannel[pool size = 0, active threads = 0, queued tasks = 0, completed tasks = 0], sockJsScheduler[pool size = 8, active threads = 1, queued tasks = 6, completed tasks = 21096]
2026-06-03T16:35:45.320-04:00  INFO 35856 --- [backend] [MessageBroker-4] o.s.w.s.c.WebSocketMessageBrokerStats    : WebSocketSession[0 current WS(0)-HttpStream(0)-HttpPoll(0), 0 total, 0 closed abnormally (0 connect failure, 0 send limit, 0 transport error)], stompSubProtocol[processed CONNECT(0)-CONNECTED(0)-DISCONNECT(0)], stompBrokerRelay[null], inboundChannel[pool size = 0, active threads = 0, queued tasks = 0, completed tasks = 0], outboundChannel[pool size = 0, active threads = 0, queued tasks = 0, completed tasks = 0], sockJsScheduler[pool size = 8, active threads = 1, queued tasks = 6, completed tasks = 21277]
2026-06-03T17:05:45.325-04:00  INFO 35856 --- [backend] [MessageBroker-2] o.s.w.s.c.WebSocketMessageBrokerStats    : WebSocketSession[0 current WS(0)-HttpStream(0)-HttpPoll(0), 0 total, 0 closed abnormally (0 connect failure, 0 send limit, 0 transport error)], stompSubProtocol[processed CONNECT(0)-CONNECTED(0)-DISCONNECT(0)], stompBrokerRelay[null], inboundChannel[pool size = 0, active threads = 0, queued tasks = 0, completed tasks = 0], outboundChannel[pool size = 0, active threads = 0, queued tasks = 0, completed tasks = 0], sockJsScheduler[pool size = 8, active threads = 1, queued tasks = 6, completed tasks = 21457]
2026-06-03T17:35:45.337-04:00  INFO 35856 --- [backend] [MessageBroker-7] o.s.w.s.c.WebSocketMessageBrokerStats    : WebSocketSession[0 current WS(0)-HttpStream(0)-HttpPoll(0), 0 total, 0 closed abnormally (0 connect failure, 0 send limit, 0 transport error)], stompSubProtocol[processed CONNECT(0)-CONNECTED(0)-DISCONNECT(0)], stompBrokerRelay[null], inboundChannel[pool size = 0, active threads = 0, queued tasks = 0, completed tasks = 0], outboundChannel[pool size = 0, active threads = 0, queued tasks = 0, completed tasks = 0], sockJsScheduler[pool size = 8, active threads = 1, queued tasks = 6, completed tasks = 21638]
2026-06-03T18:05:45.348-04:00  INFO 35856 --- [backend] [MessageBroker-7] o.s.w.s.c.WebSocketMessageBrokerStats    : WebSocketSession[0 current WS(0)-HttpStream(0)-HttpPoll(0), 0 total, 0 closed abnormally (0 connect failure, 0 send limit, 0 transport error)], stompSubProtocol[processed CONNECT(0)-CONNECTED(0)-DISCONNECT(0)], stompBrokerRelay[null], inboundChannel[pool size = 0, active threads = 0, queued tasks = 0, completed tasks = 0], outboundChannel[pool size = 0, active threads = 0, queued tasks = 0, completed tasks = 0], sockJsScheduler[pool size = 8, active threads = 1, queued tasks = 6, completed tasks = 21819]
2026-06-03T18:35:45.350-04:00  INFO 35856 --- [backend] [MessageBroker-8] o.s.w.s.c.WebSocketMessageBrokerStats    : WebSocketSession[0 current WS(0)-HttpStream(0)-HttpPoll(0), 0 total, 0 closed abnormally (0 connect failure, 0 send limit, 0 transport error)], stompSubProtocol[processed CONNECT(0)-CONNECTED(0)-DISCONNECT(0)], stompBrokerRelay[null], inboundChannel[pool size = 0, active threads = 0, queued tasks = 0, completed tasks = 0], outboundChannel[pool size = 0, active threads = 0, queued tasks = 0, completed tasks = 0], sockJsScheduler[pool size = 8, active threads = 1, queued tasks = 6, completed tasks = 22000]
2026-06-03T19:05:45.355-04:00  INFO 35856 --- [backend] [MessageBroker-4] o.s.w.s.c.WebSocketMessageBrokerStats    : WebSocketSession[0 current WS(0)-HttpStream(0)-HttpPoll(0), 0 total, 0 closed abnormally (0 connect failure, 0 send limit, 0 transport error)], stompSubProtocol[processed CONNECT(0)-CONNECTED(0)-DISCONNECT(0)], stompBrokerRelay[null], inboundChannel[pool size = 0, active threads = 0, queued tasks = 0, completed tasks = 0], outboundChannel[pool size = 0, active threads = 0, queued tasks = 0, completed tasks = 0], sockJsScheduler[pool size = 8, active threads = 1, queued tasks = 6, completed tasks = 22181]
2026-06-03T19:35:45.360-04:00  INFO 35856 --- [backend] [MessageBroker-2] o.s.w.s.c.WebSocketMessageBrokerStats    : WebSocketSession[0 current WS(0)-HttpStream(0)-HttpPoll(0), 0 total, 0 closed abnormally (0 connect failure, 0 send limit, 0 transport error)], stompSubProtocol[processed CONNECT(0)-CONNECTED(0)-DISCONNECT(0)], stompBrokerRelay[null], inboundChannel[pool size = 0, active threads = 0, queued tasks = 0, completed tasks = 0], outboundChannel[pool size = 0, active threads = 0, queued tasks = 0, completed tasks = 0], sockJsScheduler[pool size = 8, active threads = 1, queued tasks = 6, completed tasks = 22362]
2026-06-03T20:05:45.370-04:00  INFO 35856 --- [backend] [MessageBroker-7] o.s.w.s.c.WebSocketMessageBrokerStats    : WebSocketSession[0 current WS(0)-HttpStream(0)-HttpPoll(0), 0 total, 0 closed abnormally (0 connect failure, 0 send limit, 0 transport error)], stompSubProtocol[processed CONNECT(0)-CONNECTED(0)-DISCONNECT(0)], stompBrokerRelay[null], inboundChannel[pool size = 0, active threads = 0, queued tasks = 0, completed tasks = 0], outboundChannel[pool size = 0, active threads = 0, queued tasks = 0, completed tasks = 0], sockJsScheduler[pool size = 8, active threads = 1, queued tasks = 6, completed tasks = 22543]
2026-06-03T20:35:45.385-04:00  INFO 35856 --- [backend] [MessageBroker-7] o.s.w.s.c.WebSocketMessageBrokerStats    : WebSocketSession[0 current WS(0)-HttpStream(0)-HttpPoll(0), 0 total, 0 closed abnormally (0 connect failure, 0 send limit, 0 transport error)], stompSubProtocol[processed CONNECT(0)-CONNECTED(0)-DISCONNECT(0)], stompBrokerRelay[null], inboundChannel[pool size = 0, active threads = 0, queued tasks = 0, completed tasks = 0], outboundChannel[pool size = 0, active threads = 0, queued tasks = 0, completed tasks = 0], sockJsScheduler[pool size = 8, active threads = 1, queued tasks = 6, completed tasks = 22723]
2026-06-03T21:05:45.393-04:00  INFO 35856 --- [backend] [MessageBroker-3] o.s.w.s.c.WebSocketMessageBrokerStats    : WebSocketSession[0 current WS(0)-HttpStream(0)-HttpPoll(0), 0 total, 0 closed abnormally (0 connect failure, 0 send limit, 0 transport error)], stompSubProtocol[processed CONNECT(0)-CONNECTED(0)-DISCONNECT(0)], stompBrokerRelay[null], inboundChannel[pool size = 0, active threads = 0, queued tasks = 0, completed tasks = 0], outboundChannel[pool size = 0, active threads = 0, queued tasks = 0, completed tasks = 0], sockJsScheduler[pool size = 8, active threads = 1, queued tasks = 6, completed tasks = 22904]
2026-06-03T21:35:45.403-04:00  INFO 35856 --- [backend] [MessageBroker-1] o.s.w.s.c.WebSocketMessageBrokerStats    : WebSocketSession[0 current WS(0)-HttpStream(0)-HttpPoll(0), 0 total, 0 closed abnormally (0 connect failure, 0 send limit, 0 transport error)], stompSubProtocol[processed CONNECT(0)-CONNECTED(0)-DISCONNECT(0)], stompBrokerRelay[null], inboundChannel[pool size = 0, active threads = 0, queued tasks = 0, completed tasks = 0], outboundChannel[pool size = 0, active threads = 0, queued tasks = 0, completed tasks = 0], sockJsScheduler[pool size = 8, active threads = 1, queued tasks = 6, completed tasks = 23085]
2026-06-03T22:05:45.411-04:00  INFO 35856 --- [backend] [MessageBroker-5] o.s.w.s.c.WebSocketMessageBrokerStats    : WebSocketSession[0 current WS(0)-HttpStream(0)-HttpPoll(0), 0 total, 0 closed abnormally (0 connect failure, 0 send limit, 0 transport error)], stompSubProtocol[processed CONNECT(0)-CONNECTED(0)-DISCONNECT(0)], stompBrokerRelay[null], inboundChannel[pool size = 0, active threads = 0, queued tasks = 0, completed tasks = 0], outboundChannel[pool size = 0, active threads = 0, queued tasks = 0, completed tasks = 0], sockJsScheduler[pool size = 8, active threads = 1, queued tasks = 6, completed tasks = 23266]
2026-06-03T22:35:45.410-04:00  INFO 35856 --- [backend] [MessageBroker-4] o.s.w.s.c.WebSocketMessageBrokerStats    : WebSocketSession[0 current WS(0)-HttpStream(0)-HttpPoll(0), 0 total, 0 closed abnormally (0 connect failure, 0 send limit, 0 transport error)], stompSubProtocol[processed CONNECT(0)-CONNECTED(0)-DISCONNECT(0)], stompBrokerRelay[null], inboundChannel[pool size = 0, active threads = 0, queued tasks = 0, completed tasks = 0], outboundChannel[pool size = 0, active threads = 0, queued tasks = 0, completed tasks = 0], sockJsScheduler[pool size = 8, active threads = 1, queued tasks = 6, completed tasks = 23447]
