2026-06-01T00:00:00.000-04:00  INFO 35856 --- [backend] [MessageBroker-1] c.s.backend.tasks.SubscriptionTask       : Tarea programada: Iniciando revisión automática de periodos de prueba.
2026-06-01T00:00:00.257-04:00  INFO 35856 --- [backend] [MessageBroker-1] c.s.b.services.SubscriptionService       : Iniciando revisión de trials vencidos a las 2026-06-01T00:00:00.257258200
2026-06-01T00:00:00.388-04:00  INFO 35856 --- [backend] [MessageBroker-1] c.s.b.services.SubscriptionService       : Finalizada la revisión de trials. Usuarios procesados: 0
2026-06-01T00:20:12.131-04:00  INFO 35856 --- [backend] [MessageBroker-4] o.s.w.s.c.WebSocketMessageBrokerStats    : WebSocketSession[0 current WS(0)-HttpStream(0)-HttpPoll(0), 0 total, 0 closed abnormally (0 connect failure, 0 send limit, 0 transport error)], stompSubProtocol[processed CONNECT(0)-CONNECTED(0)-DISCONNECT(0)], stompBrokerRelay[null], inboundChannel[pool size = 0, active threads = 0, queued tasks = 0, completed tasks = 0], outboundChannel[pool size = 0, active threads = 0, queued tasks = 0, completed tasks = 0], sockJsScheduler[pool size = 8, active threads = 4, queued tasks = 3, completed tasks = 188]
2026-06-01T00:43:21.128-04:00  INFO 35856 --- [backend] [File Watcher] rtingClassPathChangeChangedEventListener : Restarting due to 1 class path change (0 additions, 0 deletions, 1 modification)
2026-06-01T00:43:21.131-04:00  INFO 35856 --- [backend] [Thread-202] o.s.b.w.e.tomcat.GracefulShutdown        : Commencing graceful shutdown. Waiting for active requests to complete
2026-06-01T00:43:21.140-04:00  INFO 35856 --- [backend] [tomcat-shutdown] o.s.b.w.e.tomcat.GracefulShutdown        : Graceful shutdown complete
2026-06-01T00:43:21.142-04:00  INFO 35856 --- [backend] [Thread-202] o.s.m.s.b.SimpleBrokerMessageHandler     : Stopping...
2026-06-01T00:43:21.142-04:00  INFO 35856 --- [backend] [Thread-202] o.s.m.s.b.SimpleBrokerMessageHandler     : BrokerAvailabilityEvent[available=false, SimpleBrokerMessageHandler [org.springframework.messaging.simp.broker.DefaultSubscriptionRegistry@3b6bd7e8]]
2026-06-01T00:43:21.142-04:00  INFO 35856 --- [backend] [Thread-202] o.s.m.s.b.SimpleBrokerMessageHandler     : Stopped.
2026-06-01T00:43:21.152-04:00  INFO 35856 --- [backend] [Thread-202] j.LocalContainerEntityManagerFactoryBean : Closing JPA EntityManagerFactory for persistence unit 'default'
2026-06-01T00:43:21.155-04:00  INFO 35856 --- [backend] [Thread-202] com.zaxxer.hikari.HikariDataSource       : HikariPool-18 - Shutdown initiated...
2026-06-01T00:43:21.160-04:00  INFO 35856 --- [backend] [Thread-202] com.zaxxer.hikari.HikariDataSource       : HikariPool-18 - Shutdown completed.
2026-06-01T00:43:21.323-04:00  INFO 35856 --- [backend] [restartedMain] c.s.backend.BackendApplication           : Starting BackendApplication using Java 21.0.7 with PID 35856 (C:\Users\Bernardo\Desktop\proyecto Shop\backend\target\classes started by Bernardo in C:\Users\Bernardo\Desktop\proyecto Shop\backend)
2026-06-01T00:43:21.323-04:00 DEBUG 35856 --- [backend] [restartedMain] c.s.backend.BackendApplication           : Running with Spring Boot v3.5.9, Spring v6.2.15
2026-06-01T00:43:21.323-04:00  INFO 35856 --- [backend] [restartedMain] c.s.backend.BackendApplication           : No active profile set, falling back to 1 default profile: "default"
2026-06-01T00:43:21.765-04:00  INFO 35856 --- [backend] [restartedMain] .s.d.r.c.RepositoryConfigurationDelegate : Bootstrapping Spring Data JPA repositories in DEFAULT mode.
2026-06-01T00:43:21.832-04:00  INFO 35856 --- [backend] [restartedMain] .s.d.r.c.RepositoryConfigurationDelegate : Finished Spring Data repository scanning in 66 ms. Found 19 JPA repository interfaces.
2026-06-01T00:43:22.020-04:00  INFO 35856 --- [backend] [restartedMain] o.s.b.w.embedded.tomcat.TomcatWebServer  : Tomcat initialized with port 8080 (http)
2026-06-01T00:43:22.027-04:00  INFO 35856 --- [backend] [restartedMain] o.apache.catalina.core.StandardService   : Starting service [Tomcat]
2026-06-01T00:43:22.027-04:00  INFO 35856 --- [backend] [restartedMain] o.apache.catalina.core.StandardEngine    : Starting Servlet engine: [Apache Tomcat/10.1.50]
2026-06-01T00:43:22.083-04:00  INFO 35856 --- [backend] [restartedMain] o.a.c.c.C.[Tomcat].[localhost].[/]       : Initializing Spring embedded WebApplicationContext
2026-06-01T00:43:22.083-04:00  INFO 35856 --- [backend] [restartedMain] w.s.c.ServletWebServerApplicationContext : Root WebApplicationContext: initialization completed in 757 ms
2026-06-01T00:43:22.145-04:00  INFO 35856 --- [backend] [restartedMain] o.hibernate.jpa.internal.util.LogHelper  : HHH000204: Processing PersistenceUnitInfo [name: default]
2026-06-01T00:43:22.149-04:00  INFO 35856 --- [backend] [restartedMain] o.h.c.internal.RegionFactoryInitiator    : HHH000026: Second-level cache disabled
2026-06-01T00:43:22.161-04:00  INFO 35856 --- [backend] [restartedMain] o.s.o.j.p.SpringPersistenceUnitInfo      : No LoadTimeWeaver setup: ignoring JPA class transformer
2026-06-01T00:43:22.163-04:00  INFO 35856 --- [backend] [restartedMain] com.zaxxer.hikari.HikariDataSource       : HikariPool-19 - Starting...
2026-06-01T00:43:23.361-04:00  INFO 35856 --- [backend] [restartedMain] com.zaxxer.hikari.pool.HikariPool        : HikariPool-19 - Added connection ConnectionID:428 ClientConnectionId: 8ee30624-0b09-4eed-8d60-a599987e6544
2026-06-01T00:43:23.365-04:00  INFO 35856 --- [backend] [restartedMain] com.zaxxer.hikari.HikariDataSource       : HikariPool-19 - Start completed.
2026-06-01T00:43:23.492-04:00  WARN 35856 --- [backend] [restartedMain] org.hibernate.orm.deprecation            : HHH90000025: SQLServerDialect does not need to be specified explicitly using 'hibernate.dialect' (remove the property setting and it will be selected by default)
2026-06-01T00:43:23.743-04:00  INFO 35856 --- [backend] [restartedMain] org.hibernate.orm.connections.pooling    : HHH10001005: Database info:
	Database JDBC URL [Connecting through datasource 'HikariDataSource (HikariPool-19)']
	Database driver: undefined/unknown
	Database version: 17.0
	Autocommit mode: undefined/unknown
	Isolation level: undefined/unknown
	Minimum pool size: undefined/unknown
	Maximum pool size: undefined/unknown
2026-06-01T00:43:24.061-04:00  INFO 35856 --- [backend] [restartedMain] o.h.e.t.j.p.i.JtaPlatformInitiator       : HHH000489: No JTA platform available (set 'hibernate.transaction.jta.platform' to enable JTA platform integration)
2026-06-01T00:43:34.590-04:00  INFO 35856 --- [backend] [restartedMain] j.LocalContainerEntityManagerFactoryBean : Initialized JPA EntityManagerFactory for persistence unit 'default'
2026-06-01T00:43:34.678-04:00 DEBUG 35856 --- [backend] [restartedMain] c.s.b.config.JwtAuthenticationFilter     : Filter 'jwtAuthenticationFilter' configured for use
2026-06-01T00:43:34.678-04:00 DEBUG 35856 --- [backend] [restartedMain] c.s.backend.config.RateLimitingFilter    : Filter 'rateLimitingFilter' configured for use
2026-06-01T00:43:34.805-04:00  INFO 35856 --- [backend] [restartedMain] eAuthenticationProviderManagerConfigurer : Global AuthenticationManager configured with AuthenticationProvider bean with name authenticationProvider
2026-06-01T00:43:34.809-04:00  WARN 35856 --- [backend] [restartedMain] r$InitializeUserDetailsManagerConfigurer : Global AuthenticationManager configured with an AuthenticationProvider bean. UserDetailsService beans will not be used by Spring Security for automatically configuring username/password login. Consider removing the AuthenticationProvider bean. Alternatively, consider using the UserDetailsService in a manually instantiated DaoAuthenticationProvider. If the current configuration is intentional, to turn off this warning, increase the logging level of 'org.springframework.security.config.annotation.authentication.configuration.InitializeUserDetailsBeanManagerConfigurer' to ERROR
2026-06-01T00:43:36.053-04:00  WARN 35856 --- [backend] [restartedMain] JpaBaseConfiguration$JpaWebConfiguration : spring.jpa.open-in-view is enabled by default. Therefore, database queries may be performed during view rendering. Explicitly configure spring.jpa.open-in-view to disable this warning
2026-06-01T00:43:36.660-04:00  INFO 35856 --- [backend] [restartedMain] o.s.b.d.a.OptionalLiveReloadServer       : LiveReload server is running on port 35729
2026-06-01T00:43:36.680-04:00  INFO 35856 --- [backend] [restartedMain] o.s.m.s.b.SimpleBrokerMessageHandler     : Starting...
2026-06-01T00:43:36.681-04:00  INFO 35856 --- [backend] [restartedMain] o.s.m.s.b.SimpleBrokerMessageHandler     : BrokerAvailabilityEvent[available=true, SimpleBrokerMessageHandler [org.springframework.messaging.simp.broker.DefaultSubscriptionRegistry@747ca93a]]
2026-06-01T00:43:36.683-04:00  INFO 35856 --- [backend] [restartedMain] o.s.m.s.b.SimpleBrokerMessageHandler     : Started.
2026-06-01T00:43:36.687-04:00  INFO 35856 --- [backend] [restartedMain] o.s.b.w.embedded.tomcat.TomcatWebServer  : Tomcat started on port 8080 (http) with context path '/'
2026-06-01T00:43:36.694-04:00  INFO 35856 --- [backend] [restartedMain] c.s.backend.BackendApplication           : Started BackendApplication in 15.436 seconds (process running for 86372.02)
2026-06-01T00:43:38.329-04:00  INFO 35856 --- [backend] [restartedMain] .ConditionEvaluationDeltaLoggingListener : Condition evaluation unchanged
2026-06-01T00:44:36.679-04:00  INFO 35856 --- [backend] [MessageBroker-4] o.s.w.s.c.WebSocketMessageBrokerStats    : WebSocketSession[0 current WS(0)-HttpStream(0)-HttpPoll(0), 0 total, 0 closed abnormally (0 connect failure, 0 send limit, 0 transport error)], stompSubProtocol[processed CONNECT(0)-CONNECTED(0)-DISCONNECT(0)], stompBrokerRelay[null], inboundChannel[pool size = 0, active threads = 0, queued tasks = 0, completed tasks = 0], outboundChannel[pool size = 0, active threads = 0, queued tasks = 0, completed tasks = 0], sockJsScheduler[pool size = 8, active threads = 1, queued tasks = 6, completed tasks = 6]
2026-06-01T00:44:40.420-04:00  INFO 35856 --- [backend] [File Watcher] rtingClassPathChangeChangedEventListener : Restarting due to 131 class path changes (0 additions, 130 deletions, 1 modification)
2026-06-01T00:44:40.427-04:00  INFO 35856 --- [backend] [Thread-214] o.s.b.w.e.tomcat.GracefulShutdown        : Commencing graceful shutdown. Waiting for active requests to complete
2026-06-01T00:44:40.452-04:00  INFO 35856 --- [backend] [tomcat-shutdown] o.s.b.w.e.tomcat.GracefulShutdown        : Graceful shutdown complete
2026-06-01T00:44:40.459-04:00  INFO 35856 --- [backend] [Thread-214] o.s.m.s.b.SimpleBrokerMessageHandler     : Stopping...
2026-06-01T00:44:40.459-04:00  INFO 35856 --- [backend] [Thread-214] o.s.m.s.b.SimpleBrokerMessageHandler     : BrokerAvailabilityEvent[available=false, SimpleBrokerMessageHandler [org.springframework.messaging.simp.broker.DefaultSubscriptionRegistry@747ca93a]]
2026-06-01T00:44:40.459-04:00  INFO 35856 --- [backend] [Thread-214] o.s.m.s.b.SimpleBrokerMessageHandler     : Stopped.
2026-06-01T00:44:40.467-04:00  INFO 35856 --- [backend] [Thread-214] j.LocalContainerEntityManagerFactoryBean : Closing JPA EntityManagerFactory for persistence unit 'default'
2026-06-01T00:44:40.468-04:00  INFO 35856 --- [backend] [Thread-214] com.zaxxer.hikari.HikariDataSource       : HikariPool-19 - Shutdown initiated...
2026-06-01T00:44:40.472-04:00  INFO 35856 --- [backend] [Thread-214] com.zaxxer.hikari.HikariDataSource       : HikariPool-19 - Shutdown completed.
2026-06-01T00:44:40.735-04:00  INFO 35856 --- [backend] [restartedMain] c.s.backend.BackendApplication           : Starting BackendApplication using Java 21.0.7 with PID 35856 (C:\Users\Bernardo\Desktop\proyecto Shop\backend\target\classes started by Bernardo in C:\Users\Bernardo\Desktop\proyecto Shop\backend)
2026-06-01T00:44:40.735-04:00 DEBUG 35856 --- [backend] [restartedMain] c.s.backend.BackendApplication           : Running with Spring Boot v3.5.9, Spring v6.2.15
2026-06-01T00:44:40.735-04:00  INFO 35856 --- [backend] [restartedMain] c.s.backend.BackendApplication           : No active profile set, falling back to 1 default profile: "default"
2026-06-01T00:44:41.602-04:00  INFO 35856 --- [backend] [restartedMain] .s.d.r.c.RepositoryConfigurationDelegate : Bootstrapping Spring Data JPA repositories in DEFAULT mode.
2026-06-01T00:44:41.608-04:00  INFO 35856 --- [backend] [restartedMain] .s.d.r.c.RepositoryConfigurationDelegate : Finished Spring Data repository scanning in 1 ms. Found 0 JPA repository interfaces.
2026-06-01T00:44:41.961-04:00  INFO 35856 --- [backend] [restartedMain] o.s.b.w.embedded.tomcat.TomcatWebServer  : Tomcat initialized with port 8080 (http)
2026-06-01T00:44:41.962-04:00  INFO 35856 --- [backend] [restartedMain] o.apache.catalina.core.StandardService   : Starting service [Tomcat]
2026-06-01T00:44:41.963-04:00  INFO 35856 --- [backend] [restartedMain] o.apache.catalina.core.StandardEngine    : Starting Servlet engine: [Apache Tomcat/10.1.50]
2026-06-01T00:44:42.061-04:00  INFO 35856 --- [backend] [restartedMain] o.a.c.c.C.[Tomcat].[localhost].[/]       : Initializing Spring embedded WebApplicationContext
2026-06-01T00:44:42.061-04:00  INFO 35856 --- [backend] [restartedMain] w.s.c.ServletWebServerApplicationContext : Root WebApplicationContext: initialization completed in 1322 ms
2026-06-01T00:44:42.259-04:00  INFO 35856 --- [backend] [restartedMain] o.hibernate.jpa.internal.util.LogHelper  : HHH000204: Processing PersistenceUnitInfo [name: default]
2026-06-01T00:44:42.272-04:00  INFO 35856 --- [backend] [restartedMain] o.h.c.internal.RegionFactoryInitiator    : HHH000026: Second-level cache disabled
2026-06-01T00:44:42.311-04:00  INFO 35856 --- [backend] [restartedMain] o.s.o.j.p.SpringPersistenceUnitInfo      : No LoadTimeWeaver setup: ignoring JPA class transformer
2026-06-01T00:44:42.315-04:00  INFO 35856 --- [backend] [restartedMain] com.zaxxer.hikari.HikariDataSource       : HikariPool-20 - Starting...
2026-06-01T00:44:43.617-04:00  INFO 35856 --- [backend] [restartedMain] com.zaxxer.hikari.pool.HikariPool        : HikariPool-20 - Added connection ConnectionID:438 ClientConnectionId: 0619c0ea-c0cd-4dd0-8cec-89dd912caef7
2026-06-01T00:44:43.618-04:00  INFO 35856 --- [backend] [restartedMain] com.zaxxer.hikari.HikariDataSource       : HikariPool-20 - Start completed.
2026-06-01T00:44:43.746-04:00  WARN 35856 --- [backend] [restartedMain] org.hibernate.orm.deprecation            : HHH90000025: SQLServerDialect does not need to be specified explicitly using 'hibernate.dialect' (remove the property setting and it will be selected by default)
2026-06-01T00:44:44.000-04:00  INFO 35856 --- [backend] [restartedMain] org.hibernate.orm.connections.pooling    : HHH10001005: Database info:
	Database JDBC URL [Connecting through datasource 'HikariDataSource (HikariPool-20)']
	Database driver: undefined/unknown
	Database version: 17.0
	Autocommit mode: undefined/unknown
	Isolation level: undefined/unknown
	Minimum pool size: undefined/unknown
	Maximum pool size: undefined/unknown
2026-06-01T00:44:44.083-04:00  INFO 35856 --- [backend] [restartedMain] o.h.e.t.j.p.i.JtaPlatformInitiator       : HHH000489: No JTA platform available (set 'hibernate.transaction.jta.platform' to enable JTA platform integration)
2026-06-01T00:44:44.083-04:00  INFO 35856 --- [backend] [restartedMain] j.LocalContainerEntityManagerFactoryBean : Initialized JPA EntityManagerFactory for persistence unit 'default'
2026-06-01T00:44:44.351-04:00  WARN 35856 --- [backend] [restartedMain] JpaBaseConfiguration$JpaWebConfiguration : spring.jpa.open-in-view is enabled by default. Therefore, database queries may be performed during view rendering. Explicitly configure spring.jpa.open-in-view to disable this warning
2026-06-01T00:44:45.305-04:00  WARN 35856 --- [backend] [restartedMain] .s.s.UserDetailsServiceAutoConfiguration : 

Using generated security password: 3d995ad9-f943-4793-bd57-b8197c32ee9e

This generated password is for development use only. Your security configuration must be updated before running your application in production.

2026-06-01T00:44:45.309-04:00  INFO 35856 --- [backend] [restartedMain] r$InitializeUserDetailsManagerConfigurer : Global AuthenticationManager configured with UserDetailsService bean with name inMemoryUserDetailsManager
2026-06-01T00:44:45.507-04:00  INFO 35856 --- [backend] [restartedMain] o.s.b.d.a.OptionalLiveReloadServer       : LiveReload server is running on port 35729
2026-06-01T00:44:45.534-04:00  INFO 35856 --- [backend] [restartedMain] o.s.b.w.embedded.tomcat.TomcatWebServer  : Tomcat started on port 8080 (http) with context path '/'
2026-06-01T00:44:45.540-04:00  INFO 35856 --- [backend] [restartedMain] c.s.backend.BackendApplication           : Started BackendApplication in 4.928 seconds (process running for 86440.866)
2026-06-01T00:44:45.543-04:00  INFO 35856 --- [backend] [restartedMain] .ConditionEvaluationDeltaLoggingListener : Condition evaluation delta:


==========================
CONDITION EVALUATION DELTA
==========================


Positive matches:
-----------------

   SpringBootWebSecurityConfiguration.SecurityFilterChainConfiguration matched:
      - AllNestedConditions 2 matched 0 did not; NestedCondition on DefaultWebSecurityCondition.Beans @ConditionalOnMissingBean (types: org.springframework.security.web.SecurityFilterChain; SearchStrategy: all) did not find any beans; NestedCondition on DefaultWebSecurityCondition.Classes @ConditionalOnClass found required classes 'org.springframework.security.web.SecurityFilterChain', 'org.springframework.security.config.annotation.web.builders.HttpSecurity' (DefaultWebSecurityCondition)

   SpringBootWebSecurityConfiguration.WebSecurityEnablerConfiguration matched:
      - @ConditionalOnClass found required class 'org.springframework.security.config.annotation.web.configuration.EnableWebSecurity' (OnClassCondition)
      - @ConditionalOnMissingBean (names: springSecurityFilterChain; SearchStrategy: all) did not find any beans (OnBeanCondition)

   TaskExecutorConfigurations.AsyncConfigurerConfiguration matched:
      - @ConditionalOnMissingBean (types: org.springframework.scheduling.annotation.AsyncConfigurer; SearchStrategy: all) did not find any beans (OnBeanCondition)

   TaskExecutorConfigurations.AsyncConfigurerConfiguration#applicationTaskExecutorAsyncConfigurer matched:
      - @ConditionalOnMissingBean (types: org.springframework.scheduling.annotation.AsyncConfigurer; SearchStrategy: all) did not find any beans (OnBeanCondition)

   TaskExecutorConfigurations.TaskExecutorConfiguration matched:
      - AnyNestedCondition 1 matched 1 did not; NestedCondition on TaskExecutorConfigurations.OnExecutorCondition.ModelCondition @ConditionalOnProperty (spring.task.execution.mode=force) did not find property 'spring.task.execution.mode'; NestedCondition on TaskExecutorConfigurations.OnExecutorCondition.ExecutorBeanCondition @ConditionalOnMissingBean (types: java.util.concurrent.Executor; SearchStrategy: all) did not find any beans (TaskExecutorConfigurations.OnExecutorCondition)

   TaskExecutorConfigurations.TaskExecutorConfiguration#applicationTaskExecutor matched:
      - @ConditionalOnThreading found PLATFORM (OnThreadingCondition)

   TaskSchedulingConfigurations.TaskSchedulerConfiguration matched:
      - @ConditionalOnBean (names: org.springframework.context.annotation.internalScheduledAnnotationProcessor; SearchStrategy: all) found bean 'org.springframework.context.annotation.internalScheduledAnnotationProcessor'; @ConditionalOnMissingBean (types: org.springframework.scheduling.TaskScheduler,java.util.concurrent.ScheduledExecutorService; SearchStrategy: all) did not find any beans (OnBeanCondition)

   TaskSchedulingConfigurations.TaskSchedulerConfiguration#taskScheduler matched:
      - @ConditionalOnThreading found PLATFORM (OnThreadingCondition)

   UserDetailsServiceAutoConfiguration matched:
      - @ConditionalOnClass found required class 'org.springframework.security.authentication.AuthenticationManager' (OnClassCondition)
      - found 'session' scope (OnWebApplicationCondition)
      - AnyNestedCondition 1 matched 2 did not; NestedCondition on UserDetailsServiceAutoConfiguration.MissingAlternativeOrUserPropertiesConfigured.PasswordConfigured @ConditionalOnProperty (spring.security.user.password) did not find property 'spring.security.user.password'; NestedCondition on UserDetailsServiceAutoConfiguration.MissingAlternativeOrUserPropertiesConfigured.NameConfigured @ConditionalOnProperty (spring.security.user.name) did not find property 'spring.security.user.name'; NestedCondition on UserDetailsServiceAutoConfiguration.MissingAlternativeOrUserPropertiesConfigured.MissingAlternative @ConditionalOnMissingClass did not find unwanted classes 'org.springframework.security.oauth2.client.registration.ClientRegistrationRepository', 'org.springframework.security.oauth2.server.resource.introspection.OpaqueTokenIntrospector', 'org.springframework.security.saml2.provider.service.registration.RelyingPartyRegistrationRepository' (UserDetailsServiceAutoConfiguration.MissingAlternativeOrUserPropertiesConfigured)
      - @ConditionalOnBean (types: org.springframework.security.config.ObjectPostProcessor; SearchStrategy: all) found beans 'objectPostProcessor', 'webAuthorizationManagerPostProcessor', 'filterChainDecoratorPostProcessor', 'authenticationManagerPostProcessor'; @ConditionalOnMissingBean (types: org.springframework.security.authentication.AuthenticationManager,org.springframework.security.authentication.AuthenticationProvider,org.springframework.security.core.userdetails.UserDetailsService,org.springframework.security.authentication.AuthenticationManagerResolver,?; SearchStrategy: all) did not find any beans (OnBeanCondition)


Negative matches:
-----------------

   TaskExecutorConfigurations.TaskExecutorConfiguration#applicationTaskExecutorVirtualThreads:
      Did not match:
         - @ConditionalOnThreading did not find VIRTUAL (OnThreadingCondition)

   TaskSchedulingConfigurations.TaskSchedulerConfiguration#taskSchedulerVirtualThreads:
      Did not match:
         - @ConditionalOnThreading did not find VIRTUAL (OnThreadingCondition)

   WebSocketMessagingAutoConfiguration.WebSocketMessageConverterConfiguration:
      Did not match:
         - @ConditionalOnBean (types: org.springframework.web.socket.config.annotation.DelegatingWebSocketMessageBrokerConfiguration,com.fasterxml.jackson.databind.ObjectMapper; SearchStrategy: all) did not find any beans of type org.springframework.web.socket.config.annotation.DelegatingWebSocketMessageBrokerConfiguration (OnBeanCondition)
      Matched:
         - @ConditionalOnClass found required classes 'com.fasterxml.jackson.databind.ObjectMapper', 'org.springframework.messaging.simp.config.AbstractMessageBrokerConfiguration' (OnClassCondition)


Exclusions:
-----------

    None


Unconditional classes:
----------------------

    None



2026-06-01T00:44:58.614-04:00  INFO 35856 --- [backend] [File Watcher] rtingClassPathChangeChangedEventListener : Restarting due to 130 class path changes (130 additions, 0 deletions, 0 modifications)
2026-06-01T00:44:58.618-04:00  INFO 35856 --- [backend] [Thread-226] o.s.b.w.e.tomcat.GracefulShutdown        : Commencing graceful shutdown. Waiting for active requests to complete
2026-06-01T00:44:58.629-04:00  INFO 35856 --- [backend] [tomcat-shutdown] o.s.b.w.e.tomcat.GracefulShutdown        : Graceful shutdown complete
2026-06-01T00:44:58.632-04:00  INFO 35856 --- [backend] [Thread-226] j.LocalContainerEntityManagerFactoryBean : Closing JPA EntityManagerFactory for persistence unit 'default'
2026-06-01T00:44:58.632-04:00  INFO 35856 --- [backend] [Thread-226] com.zaxxer.hikari.HikariDataSource       : HikariPool-20 - Shutdown initiated...
2026-06-01T00:44:58.636-04:00  INFO 35856 --- [backend] [Thread-226] com.zaxxer.hikari.HikariDataSource       : HikariPool-20 - Shutdown completed.
2026-06-01T00:44:58.915-04:00  INFO 35856 --- [backend] [restartedMain] c.s.backend.BackendApplication           : Starting BackendApplication using Java 21.0.7 with PID 35856 (C:\Users\Bernardo\Desktop\proyecto Shop\backend\target\classes started by Bernardo in C:\Users\Bernardo\Desktop\proyecto Shop\backend)
2026-06-01T00:44:58.915-04:00 DEBUG 35856 --- [backend] [restartedMain] c.s.backend.BackendApplication           : Running with Spring Boot v3.5.9, Spring v6.2.15
2026-06-01T00:44:58.916-04:00  INFO 35856 --- [backend] [restartedMain] c.s.backend.BackendApplication           : No active profile set, falling back to 1 default profile: "default"
2026-06-01T00:45:01.042-04:00  INFO 35856 --- [backend] [restartedMain] .s.d.r.c.RepositoryConfigurationDelegate : Bootstrapping Spring Data JPA repositories in DEFAULT mode.
2026-06-01T00:45:01.561-04:00  INFO 35856 --- [backend] [restartedMain] .s.d.r.c.RepositoryConfigurationDelegate : Finished Spring Data repository scanning in 517 ms. Found 19 JPA repository interfaces.
2026-06-01T00:45:02.046-04:00  INFO 35856 --- [backend] [restartedMain] o.s.b.w.embedded.tomcat.TomcatWebServer  : Tomcat initialized with port 8080 (http)
2026-06-01T00:45:02.047-04:00  INFO 35856 --- [backend] [restartedMain] o.apache.catalina.core.StandardService   : Starting service [Tomcat]
2026-06-01T00:45:02.048-04:00  INFO 35856 --- [backend] [restartedMain] o.apache.catalina.core.StandardEngine    : Starting Servlet engine: [Apache Tomcat/10.1.50]
2026-06-01T00:45:02.123-04:00  INFO 35856 --- [backend] [restartedMain] o.a.c.c.C.[Tomcat].[localhost].[/]       : Initializing Spring embedded WebApplicationContext
2026-06-01T00:45:02.123-04:00  INFO 35856 --- [backend] [restartedMain] w.s.c.ServletWebServerApplicationContext : Root WebApplicationContext: initialization completed in 3191 ms
2026-06-01T00:45:02.221-04:00  INFO 35856 --- [backend] [restartedMain] o.hibernate.jpa.internal.util.LogHelper  : HHH000204: Processing PersistenceUnitInfo [name: default]
2026-06-01T00:45:02.230-04:00  INFO 35856 --- [backend] [restartedMain] o.h.c.internal.RegionFactoryInitiator    : HHH000026: Second-level cache disabled
2026-06-01T00:45:02.244-04:00  INFO 35856 --- [backend] [restartedMain] o.s.o.j.p.SpringPersistenceUnitInfo      : No LoadTimeWeaver setup: ignoring JPA class transformer
2026-06-01T00:45:02.245-04:00  INFO 35856 --- [backend] [restartedMain] com.zaxxer.hikari.HikariDataSource       : HikariPool-21 - Starting...
2026-06-01T00:45:03.074-04:00  INFO 35856 --- [backend] [restartedMain] com.zaxxer.hikari.pool.HikariPool        : HikariPool-21 - Added connection ConnectionID:448 ClientConnectionId: 483befc6-95e5-47aa-ac2d-f546e86b96d0
2026-06-01T00:45:03.075-04:00  INFO 35856 --- [backend] [restartedMain] com.zaxxer.hikari.HikariDataSource       : HikariPool-21 - Start completed.
2026-06-01T00:45:03.203-04:00  WARN 35856 --- [backend] [restartedMain] org.hibernate.orm.deprecation            : HHH90000025: SQLServerDialect does not need to be specified explicitly using 'hibernate.dialect' (remove the property setting and it will be selected by default)
2026-06-01T00:45:03.473-04:00  INFO 35856 --- [backend] [restartedMain] org.hibernate.orm.connections.pooling    : HHH10001005: Database info:
	Database JDBC URL [Connecting through datasource 'HikariDataSource (HikariPool-21)']
	Database driver: undefined/unknown
	Database version: 17.0
	Autocommit mode: undefined/unknown
	Isolation level: undefined/unknown
	Minimum pool size: undefined/unknown
	Maximum pool size: undefined/unknown
2026-06-01T00:45:03.997-04:00  INFO 35856 --- [backend] [restartedMain] o.h.e.t.j.p.i.JtaPlatformInitiator       : HHH000489: No JTA platform available (set 'hibernate.transaction.jta.platform' to enable JTA platform integration)
2026-06-01T00:45:14.304-04:00  INFO 35856 --- [backend] [restartedMain] j.LocalContainerEntityManagerFactoryBean : Initialized JPA EntityManagerFactory for persistence unit 'default'
2026-06-01T00:45:14.446-04:00 DEBUG 35856 --- [backend] [restartedMain] c.s.b.config.JwtAuthenticationFilter     : Filter 'jwtAuthenticationFilter' configured for use
2026-06-01T00:45:14.449-04:00 DEBUG 35856 --- [backend] [restartedMain] c.s.backend.config.RateLimitingFilter    : Filter 'rateLimitingFilter' configured for use
2026-06-01T00:45:14.693-04:00  INFO 35856 --- [backend] [restartedMain] eAuthenticationProviderManagerConfigurer : Global AuthenticationManager configured with AuthenticationProvider bean with name authenticationProvider
2026-06-01T00:45:14.694-04:00  WARN 35856 --- [backend] [restartedMain] r$InitializeUserDetailsManagerConfigurer : Global AuthenticationManager configured with an AuthenticationProvider bean. UserDetailsService beans will not be used by Spring Security for automatically configuring username/password login. Consider removing the AuthenticationProvider bean. Alternatively, consider using the UserDetailsService in a manually instantiated DaoAuthenticationProvider. If the current configuration is intentional, to turn off this warning, increase the logging level of 'org.springframework.security.config.annotation.authentication.configuration.InitializeUserDetailsBeanManagerConfigurer' to ERROR
2026-06-01T00:45:15.959-04:00  WARN 35856 --- [backend] [restartedMain] JpaBaseConfiguration$JpaWebConfiguration : spring.jpa.open-in-view is enabled by default. Therefore, database queries may be performed during view rendering. Explicitly configure spring.jpa.open-in-view to disable this warning
2026-06-01T00:45:16.561-04:00  INFO 35856 --- [backend] [restartedMain] o.s.b.d.a.OptionalLiveReloadServer       : LiveReload server is running on port 35729
2026-06-01T00:45:16.571-04:00  INFO 35856 --- [backend] [restartedMain] o.s.m.s.b.SimpleBrokerMessageHandler     : Starting...
2026-06-01T00:45:16.571-04:00  INFO 35856 --- [backend] [restartedMain] o.s.m.s.b.SimpleBrokerMessageHandler     : BrokerAvailabilityEvent[available=true, SimpleBrokerMessageHandler [org.springframework.messaging.simp.broker.DefaultSubscriptionRegistry@37c254b6]]
2026-06-01T00:45:16.571-04:00  INFO 35856 --- [backend] [restartedMain] o.s.m.s.b.SimpleBrokerMessageHandler     : Started.
2026-06-01T00:45:16.574-04:00  INFO 35856 --- [backend] [restartedMain] o.s.b.w.embedded.tomcat.TomcatWebServer  : Tomcat started on port 8080 (http) with context path '/'
2026-06-01T00:45:16.579-04:00  INFO 35856 --- [backend] [restartedMain] c.s.backend.BackendApplication           : Started BackendApplication in 17.806 seconds (process running for 86471.905)
2026-06-01T00:45:17.985-04:00  INFO 35856 --- [backend] [restartedMain] .ConditionEvaluationDeltaLoggingListener : Condition evaluation delta:


==========================
CONDITION EVALUATION DELTA
==========================


Positive matches:
-----------------

   WebSocketMessagingAutoConfiguration.WebSocketMessageConverterConfiguration matched:
      - @ConditionalOnClass found required classes 'com.fasterxml.jackson.databind.ObjectMapper', 'org.springframework.messaging.simp.config.AbstractMessageBrokerConfiguration' (OnClassCondition)
      - @ConditionalOnBean (types: org.springframework.web.socket.config.annotation.DelegatingWebSocketMessageBrokerConfiguration,com.fasterxml.jackson.databind.ObjectMapper; SearchStrategy: all) found beans 'jacksonObjectMapper', 'org.springframework.web.socket.config.annotation.DelegatingWebSocketMessageBrokerConfiguration' (OnBeanCondition)


Negative matches:
-----------------

   SpringBootWebSecurityConfiguration.SecurityFilterChainConfiguration:
      Did not match:
         - AllNestedConditions 1 matched 1 did not; NestedCondition on DefaultWebSecurityCondition.Beans @ConditionalOnMissingBean (types: org.springframework.security.web.SecurityFilterChain; SearchStrategy: all) found beans of type 'org.springframework.security.web.SecurityFilterChain' securityFilterChain; NestedCondition on DefaultWebSecurityCondition.Classes @ConditionalOnClass found required classes 'org.springframework.security.web.SecurityFilterChain', 'org.springframework.security.config.annotation.web.builders.HttpSecurity' (DefaultWebSecurityCondition)

   SpringBootWebSecurityConfiguration.WebSecurityEnablerConfiguration:
      Did not match:
         - @ConditionalOnMissingBean (names: springSecurityFilterChain; SearchStrategy: all) found beans named springSecurityFilterChain (OnBeanCondition)
      Matched:
         - @ConditionalOnClass found required class 'org.springframework.security.config.annotation.web.configuration.EnableWebSecurity' (OnClassCondition)

   TaskExecutorConfigurations.TaskExecutorConfiguration:
      Did not match:
         - AnyNestedCondition 0 matched 2 did not; NestedCondition on TaskExecutorConfigurations.OnExecutorCondition.ModelCondition @ConditionalOnProperty (spring.task.execution.mode=force) did not find property 'spring.task.execution.mode'; NestedCondition on TaskExecutorConfigurations.OnExecutorCondition.ExecutorBeanCondition @ConditionalOnMissingBean (types: java.util.concurrent.Executor; SearchStrategy: all) found beans of type 'java.util.concurrent.Executor' clientInboundChannelExecutor, clientOutboundChannelExecutor, brokerChannelExecutor (TaskExecutorConfigurations.OnExecutorCondition)

   TaskSchedulingConfigurations.TaskSchedulerConfiguration:
      Did not match:
         - @ConditionalOnMissingBean (types: org.springframework.scheduling.TaskScheduler,java.util.concurrent.ScheduledExecutorService; SearchStrategy: all) found beans of type 'org.springframework.scheduling.TaskScheduler' messageBrokerTaskScheduler (OnBeanCondition)

   UserDetailsServiceAutoConfiguration:
      Did not match:
         - @ConditionalOnMissingBean (types: org.springframework.security.authentication.AuthenticationManager,org.springframework.security.authentication.AuthenticationProvider,org.springframework.security.core.userdetails.UserDetailsService,org.springframework.security.authentication.AuthenticationManagerResolver,?; SearchStrategy: all) found beans of type 'org.springframework.security.authentication.AuthenticationManager' authenticationManager and found beans of type 'org.springframework.security.core.userdetails.UserDetailsService' userDetailsService and found beans of type 'org.springframework.security.authentication.AuthenticationProvider' authenticationProvider (OnBeanCondition)
      Matched:
         - @ConditionalOnClass found required class 'org.springframework.security.authentication.AuthenticationManager' (OnClassCondition)
         - found 'session' scope (OnWebApplicationCondition)
         - AnyNestedCondition 1 matched 2 did not; NestedCondition on UserDetailsServiceAutoConfiguration.MissingAlternativeOrUserPropertiesConfigured.PasswordConfigured @ConditionalOnProperty (spring.security.user.password) did not find property 'spring.security.user.password'; NestedCondition on UserDetailsServiceAutoConfiguration.MissingAlternativeOrUserPropertiesConfigured.NameConfigured @ConditionalOnProperty (spring.security.user.name) did not find property 'spring.security.user.name'; NestedCondition on UserDetailsServiceAutoConfiguration.MissingAlternativeOrUserPropertiesConfigured.MissingAlternative @ConditionalOnMissingClass did not find unwanted classes 'org.springframework.security.oauth2.client.registration.ClientRegistrationRepository', 'org.springframework.security.oauth2.server.resource.introspection.OpaqueTokenIntrospector', 'org.springframework.security.saml2.provider.service.registration.RelyingPartyRegistrationRepository' (UserDetailsServiceAutoConfiguration.MissingAlternativeOrUserPropertiesConfigured)


Exclusions:
-----------

    None


Unconditional classes:
----------------------

    None



2026-06-01T00:46:16.575-04:00  INFO 35856 --- [backend] [MessageBroker-6] o.s.w.s.c.WebSocketMessageBrokerStats    : WebSocketSession[0 current WS(0)-HttpStream(0)-HttpPoll(0), 0 total, 0 closed abnormally (0 connect failure, 0 send limit, 0 transport error)], stompSubProtocol[processed CONNECT(0)-CONNECTED(0)-DISCONNECT(0)], stompBrokerRelay[null], inboundChannel[pool size = 0, active threads = 0, queued tasks = 0, completed tasks = 0], outboundChannel[pool size = 0, active threads = 0, queued tasks = 0, completed tasks = 0], sockJsScheduler[pool size = 8, active threads = 1, queued tasks = 6, completed tasks = 6]
2026-06-01T20:41:21.938-04:00  WARN 35856 --- [backend] [HikariPool-21:housekeeper] com.zaxxer.hikari.pool.PoolBase          : HikariPool-21 - Failed to validate connection ConnectionID:455 ClientConnectionId: 143ac560-1d23-42de-b09b-08fe80237043 (The connection is closed.). Possibly consider using a shorter maxLifetime value.
2026-06-01T20:41:24.967-04:00  INFO 35856 --- [backend] [MessageBroker-6] o.s.w.s.c.WebSocketMessageBrokerStats    : WebSocketSession[0 current WS(0)-HttpStream(0)-HttpPoll(0), 0 total, 0 closed abnormally (0 connect failure, 0 send limit, 0 transport error)], stompSubProtocol[processed CONNECT(0)-CONNECTED(0)-DISCONNECT(0)], stompBrokerRelay[null], inboundChannel[pool size = 0, active threads = 0, queued tasks = 0, completed tasks = 0], outboundChannel[pool size = 0, active threads = 0, queued tasks = 0, completed tasks = 0], sockJsScheduler[pool size = 8, active threads = 6, queued tasks = 1, completed tasks = 91]
2026-06-01T20:41:24.967-04:00  INFO 35856 --- [backend] [MessageBroker-4] c.s.b.services.SubscriptionTaskService   : ⏰ Iniciando tarea programada de revisión de suscripciones...
2026-06-01T20:41:27.191-04:00  WARN 35856 --- [backend] [HikariPool-21:housekeeper] com.zaxxer.hikari.pool.PoolBase          : HikariPool-21 - Failed to validate connection ConnectionID:456 (The connection is closed.). Possibly consider using a shorter maxLifetime value.
2026-06-01T20:41:30.110-04:00  WARN 35856 --- [backend] [MessageBroker-5] com.zaxxer.hikari.pool.PoolBase          : HikariPool-21 - Failed to validate connection ConnectionID:449 (The connection is closed.). Possibly consider using a shorter maxLifetime value.
2026-06-01T20:41:30.110-04:00  WARN 35856 --- [backend] [MessageBroker-4] com.zaxxer.hikari.pool.PoolBase          : HikariPool-21 - Failed to validate connection ConnectionID:453 (The connection is closed.). Possibly consider using a shorter maxLifetime value.
2026-06-01T20:41:30.110-04:00  WARN 35856 --- [backend] [MessageBroker-1] com.zaxxer.hikari.pool.PoolBase          : HikariPool-21 - Failed to validate connection ConnectionID:450 (The connection is closed.). Possibly consider using a shorter maxLifetime value.
2026-06-01T20:41:30.111-04:00  WARN 35856 --- [backend] [MessageBroker-8] com.zaxxer.hikari.pool.PoolBase          : HikariPool-21 - Failed to validate connection ConnectionID:451 (The connection is closed.). Possibly consider using a shorter maxLifetime value.
2026-06-01T20:41:30.111-04:00  WARN 35856 --- [backend] [MessageBroker-7] com.zaxxer.hikari.pool.PoolBase          : HikariPool-21 - Failed to validate connection ConnectionID:452 (The connection is closed.). Possibly consider using a shorter maxLifetime value.
2026-06-01T20:41:32.282-04:00  WARN 35856 --- [backend] [HikariPool-21:housekeeper] com.zaxxer.hikari.pool.PoolBase          : HikariPool-21 - Failed to validate connection ConnectionID:457 (The connection is closed.). Possibly consider using a shorter maxLifetime value.
2026-06-01T20:41:32.282-04:00  WARN 35856 --- [backend] [HikariPool-21:housekeeper] com.zaxxer.hikari.pool.HikariPool        : HikariPool-21 - Thread starvation or clock leap detected (housekeeper delta=19h41m28s931ms461µs200ns).
2026-06-01T20:41:38.516-04:00  INFO 35856 --- [backend] [MessageBroker-4] .s.a.AnnotationAsyncExecutionInterceptor : More than one TaskExecutor bean found within the context, and none is named 'taskExecutor'. Mark one of them as primary or name it 'taskExecutor' (possibly as an alias) in order to use it for async processing: [clientInboundChannelExecutor, clientOutboundChannelExecutor, brokerChannelExecutor, messageBrokerTaskScheduler]
2026-06-01T20:41:38.517-04:00  INFO 35856 --- [backend] [MessageBroker-4] c.s.b.services.SubscriptionTaskService   : 📧 Email de recordatorio enviado a: bcbs1986@gmail.com (⚠️ ¡Tu suscripción vence HOY!)
2026-06-01T20:41:38.520-04:00  INFO 35856 --- [backend] [SimpleAsyncTaskExecutor-1] c.s.backend.services.EmailService        : Intento de envío de email a: bcbs1986@gmail.com. Configuración activa -> Host: smtp.zoho.com | Usuario: contacto@subastashop.cl
2026-06-01T20:41:44.288-04:00  INFO 35856 --- [backend] [SimpleAsyncTaskExecutor-1] c.s.backend.services.EmailService        : Email enviado exitosamente a: bcbs1986@gmail.com
2026-06-01T21:11:25.119-04:00  INFO 35856 --- [backend] [MessageBroker-8] o.s.w.s.c.WebSocketMessageBrokerStats    : WebSocketSession[0 current WS(0)-HttpStream(0)-HttpPoll(0), 0 total, 0 closed abnormally (0 connect failure, 0 send limit, 0 transport error)], stompSubProtocol[processed CONNECT(0)-CONNECTED(0)-DISCONNECT(0)], stompBrokerRelay[null], inboundChannel[pool size = 0, active threads = 0, queued tasks = 0, completed tasks = 0], outboundChannel[pool size = 0, active threads = 0, queued tasks = 0, completed tasks = 0], sockJsScheduler[pool size = 8, active threads = 1, queued tasks = 6, completed tasks = 6181]
2026-06-01T21:41:25.384-04:00  INFO 35856 --- [backend] [MessageBroker-6] o.s.w.s.c.WebSocketMessageBrokerStats    : WebSocketSession[0 current WS(0)-HttpStream(0)-HttpPoll(0), 0 total, 0 closed abnormally (0 connect failure, 0 send limit, 0 transport error)], stompSubProtocol[processed CONNECT(0)-CONNECTED(0)-DISCONNECT(0)], stompBrokerRelay[null], inboundChannel[pool size = 0, active threads = 0, queued tasks = 0, completed tasks = 0], outboundChannel[pool size = 0, active threads = 0, queued tasks = 0, completed tasks = 0], sockJsScheduler[pool size = 8, active threads = 1, queued tasks = 6, completed tasks = 6362]
2026-06-01T22:11:25.531-04:00  INFO 35856 --- [backend] [MessageBroker-1] o.s.w.s.c.WebSocketMessageBrokerStats    : WebSocketSession[0 current WS(0)-HttpStream(0)-HttpPoll(0), 0 total, 0 closed abnormally (0 connect failure, 0 send limit, 0 transport error)], stompSubProtocol[processed CONNECT(0)-CONNECTED(0)-DISCONNECT(0)], stompBrokerRelay[null], inboundChannel[pool size = 0, active threads = 0, queued tasks = 0, completed tasks = 0], outboundChannel[pool size = 0, active threads = 0, queued tasks = 0, completed tasks = 0], sockJsScheduler[pool size = 8, active threads = 1, queued tasks = 6, completed tasks = 6543]
